{"/home/wesleysantos/Área de Trabalho/scripts/book-a-vehicle/src/application/Authenticate.ts": {"path":"/home/wesleysantos/Área de Trabalho/scripts/book-a-vehicle/src/application/Authenticate.ts","statementMap":{"0":{"start":{"line":3,"column":0},"end":{"line":3,"column":51}},"1":{"start":{"line":6,"column":25},"end":{"line":6,"column":61}},"2":{"start":{"line":9,"column":21},"end":{"line":9,"column":94}},"3":{"start":{"line":10,"column":8},"end":{"line":10,"column":59}},"4":{"start":{"line":10,"column":19},"end":{"line":10,"column":59}},"5":{"start":{"line":11,"column":8},"end":{"line":13,"column":null}},"6":{"start":{"line":5,"column":0},"end":{"line":5,"column":21}}},"fnMap":{"0":{"name":"(anonymous_7)","decl":{"start":{"line":6,"column":4},"end":{"line":6,"column":25}},"loc":{"start":{"line":6,"column":61},"end":{"line":6,"column":65}}},"1":{"name":"(anonymous_8)","decl":{"start":{"line":8,"column":10},"end":{"line":8,"column":17}},"loc":{"start":{"line":8,"column":34},"end":{"line":14,"column":null}}}},"branchMap":{"0":{"loc":{"start":{"line":10,"column":8},"end":{"line":10,"column":59}},"type":"if","locations":[{"start":{"line":10,"column":8},"end":{"line":10,"column":59}}]}},"s":{"0":1,"1":0,"2":0,"3":0,"4":0,"5":0,"6":1},"f":{"0":0,"1":0},"b":{"0":[0]}}
,"/home/wesleysantos/Área de Trabalho/scripts/book-a-vehicle/src/application/BookVehicle.ts": {"path":"/home/wesleysantos/Área de Trabalho/scripts/book-a-vehicle/src/application/BookVehicle.ts","statementMap":{"0":{"start":{"line":7,"column":25},"end":{"line":7,"column":83}},"1":{"start":{"line":7,"column":94},"end":{"line":7,"column":130}},"2":{"start":{"line":10,"column":8},"end":{"line":10,"column":62}},"3":{"start":{"line":14,"column":30},"end":{"line":14,"column":88}},"4":{"start":{"line":15,"column":8},"end":{"line":15,"column":83}},"5":{"start":{"line":15,"column":28},"end":{"line":15,"column":83}},"6":{"start":{"line":16,"column":45},"end":{"line":16,"column":146}},"7":{"start":{"line":17,"column":8},"end":{"line":17,"column":114}},"8":{"start":{"line":17,"column":42},"end":{"line":17,"column":114}},"9":{"start":{"line":18,"column":37},"end":{"line":18,"column":124}},"10":{"start":{"line":19,"column":8},"end":{"line":19,"column":80}},"11":{"start":{"line":19,"column":34},"end":{"line":19,"column":80}},"12":{"start":{"line":20,"column":8},"end":{"line":20,"column":73}},"13":{"start":{"line":6,"column":0},"end":{"line":6,"column":21}}},"fnMap":{"0":{"name":"(anonymous_7)","decl":{"start":{"line":7,"column":4},"end":{"line":7,"column":25}},"loc":{"start":{"line":7,"column":130},"end":{"line":7,"column":133}}},"1":{"name":"(anonymous_8)","decl":{"start":{"line":9,"column":10},"end":{"line":9,"column":14}},"loc":{"start":{"line":9,"column":14},"end":{"line":11,"column":null}}},"2":{"name":"(anonymous_10)","decl":{"start":{"line":13,"column":10},"end":{"line":13,"column":17}},"loc":{"start":{"line":13,"column":56},"end":{"line":21,"column":null}}}},"branchMap":{"0":{"loc":{"start":{"line":15,"column":8},"end":{"line":15,"column":83}},"type":"if","locations":[{"start":{"line":15,"column":8},"end":{"line":15,"column":83}}]},"1":{"loc":{"start":{"line":17,"column":8},"end":{"line":17,"column":114}},"type":"if","locations":[{"start":{"line":17,"column":8},"end":{"line":17,"column":114}}]},"2":{"loc":{"start":{"line":19,"column":8},"end":{"line":19,"column":80}},"type":"if","locations":[{"start":{"line":19,"column":8},"end":{"line":19,"column":80}}]}},"s":{"0":0,"1":0,"2":0,"3":0,"4":0,"5":0,"6":0,"7":0,"8":0,"9":0,"10":0,"11":0,"12":0,"13":1},"f":{"0":0,"1":0,"2":0},"b":{"0":[0],"1":[0],"2":[0]}}
,"/home/wesleysantos/Área de Trabalho/scripts/book-a-vehicle/src/application/CreateAccount.ts": {"path":"/home/wesleysantos/Área de Trabalho/scripts/book-a-vehicle/src/application/CreateAccount.ts","statementMap":{"0":{"start":{"line":5,"column":25},"end":{"line":5,"column":61}},"1":{"start":{"line":9,"column":8},"end":{"line":9,"column":60}},"2":{"start":{"line":4,"column":0},"end":{"line":4,"column":21}}},"fnMap":{"0":{"name":"(anonymous_7)","decl":{"start":{"line":5,"column":4},"end":{"line":5,"column":25}},"loc":{"start":{"line":5,"column":61},"end":{"line":6,"column":5}}},"1":{"name":"(anonymous_8)","decl":{"start":{"line":8,"column":10},"end":{"line":8,"column":17}},"loc":{"start":{"line":8,"column":34},"end":{"line":10,"column":null}}}},"branchMap":{},"s":{"0":3,"1":3,"2":1},"f":{"0":3,"1":3},"b":{}}
,"/home/wesleysantos/Área de Trabalho/scripts/book-a-vehicle/src/application/GetAccount.ts": {"path":"/home/wesleysantos/Área de Trabalho/scripts/book-a-vehicle/src/application/GetAccount.ts","statementMap":{"0":{"start":{"line":5,"column":25},"end":{"line":5,"column":61}},"1":{"start":{"line":8,"column":8},"end":{"line":8,"column":71}},"2":{"start":{"line":4,"column":0},"end":{"line":4,"column":21}}},"fnMap":{"0":{"name":"(anonymous_7)","decl":{"start":{"line":5,"column":4},"end":{"line":5,"column":25}},"loc":{"start":{"line":5,"column":61},"end":{"line":5,"column":64}}},"1":{"name":"(anonymous_8)","decl":{"start":{"line":7,"column":10},"end":{"line":7,"column":13}},"loc":{"start":{"line":7,"column":32},"end":{"line":9,"column":null}}}},"branchMap":{},"s":{"0":1,"1":1,"2":1},"f":{"0":1,"1":1},"b":{}}
,"/home/wesleysantos/Área de Trabalho/scripts/book-a-vehicle/src/application/GetAuthenticatedAccount.ts": {"path":"/home/wesleysantos/Área de Trabalho/scripts/book-a-vehicle/src/application/GetAuthenticatedAccount.ts","statementMap":{"0":{"start":{"line":3,"column":0},"end":{"line":3,"column":66}},"1":{"start":{"line":6,"column":25},"end":{"line":6,"column":61}},"2":{"start":{"line":9,"column":39},"end":{"line":9,"column":72}},"3":{"start":{"line":10,"column":24},"end":{"line":10,"column":118}},"4":{"start":{"line":11,"column":8},"end":{"line":11,"column":62}},"5":{"start":{"line":11,"column":22},"end":{"line":11,"column":62}},"6":{"start":{"line":12,"column":8},"end":{"line":16,"column":10}},"7":{"start":{"line":5,"column":0},"end":{"line":5,"column":21}}},"fnMap":{"0":{"name":"(anonymous_7)","decl":{"start":{"line":6,"column":4},"end":{"line":6,"column":25}},"loc":{"start":{"line":6,"column":61},"end":{"line":6,"column":65}}},"1":{"name":"(anonymous_8)","decl":{"start":{"line":8,"column":10},"end":{"line":8,"column":17}},"loc":{"start":{"line":8,"column":38},"end":{"line":17,"column":null}}}},"branchMap":{"0":{"loc":{"start":{"line":11,"column":8},"end":{"line":11,"column":62}},"type":"if","locations":[{"start":{"line":11,"column":8},"end":{"line":11,"column":62}}]}},"s":{"0":1,"1":0,"2":0,"3":0,"4":0,"5":0,"6":0,"7":1},"f":{"0":0,"1":0},"b":{"0":[0]}}
,"/home/wesleysantos/Área de Trabalho/scripts/book-a-vehicle/src/application/GetVehicle.ts": {"path":"/home/wesleysantos/Área de Trabalho/scripts/book-a-vehicle/src/application/GetVehicle.ts","statementMap":{"0":{"start":{"line":4,"column":25},"end":{"line":4,"column":61}},"1":{"start":{"line":7,"column":25},"end":{"line":7,"column":60}},"2":{"start":{"line":8,"column":8},"end":{"line":8,"column":84}},"3":{"start":{"line":8,"column":58},"end":{"line":8,"column":81}},"4":{"start":{"line":3,"column":0},"end":{"line":3,"column":21}}},"fnMap":{"0":{"name":"(anonymous_7)","decl":{"start":{"line":4,"column":4},"end":{"line":4,"column":25}},"loc":{"start":{"line":4,"column":61},"end":{"line":4,"column":65}}},"1":{"name":"(anonymous_8)","decl":{"start":{"line":6,"column":10},"end":{"line":6,"column":17}},"loc":{"start":{"line":6,"column":17},"end":{"line":9,"column":null}}},"2":{"name":"(anonymous_10)","decl":{"start":{"line":8,"column":28},"end":{"line":8,"column":29}},"loc":{"start":{"line":8,"column":58},"end":{"line":8,"column":81}}}},"branchMap":{},"s":{"0":1,"1":1,"2":1,"3":2,"4":2},"f":{"0":1,"1":1,"2":2},"b":{}}
,"/home/wesleysantos/Área de Trabalho/scripts/book-a-vehicle/src/application/RegisterVehicle.ts": {"path":"/home/wesleysantos/Área de Trabalho/scripts/book-a-vehicle/src/application/RegisterVehicle.ts","statementMap":{"0":{"start":{"line":5,"column":25},"end":{"line":5,"column":61}},"1":{"start":{"line":8,"column":8},"end":{"line":8,"column":53}},"2":{"start":{"line":4,"column":0},"end":{"line":4,"column":21}}},"fnMap":{"0":{"name":"(anonymous_7)","decl":{"start":{"line":5,"column":4},"end":{"line":5,"column":25}},"loc":{"start":{"line":5,"column":61},"end":{"line":5,"column":65}}},"1":{"name":"(anonymous_8)","decl":{"start":{"line":7,"column":10},"end":{"line":7,"column":17}},"loc":{"start":{"line":7,"column":32},"end":{"line":9,"column":null}}}},"branchMap":{},"s":{"0":2,"1":3,"2":2},"f":{"0":2,"1":3},"b":{}}
,"/home/wesleysantos/Área de Trabalho/scripts/book-a-vehicle/src/application/ReturnVehicle.ts": {"path":"/home/wesleysantos/Área de Trabalho/scripts/book-a-vehicle/src/application/ReturnVehicle.ts","statementMap":{"0":{"start":{"line":7,"column":25},"end":{"line":7,"column":83}},"1":{"start":{"line":7,"column":94},"end":{"line":7,"column":130}},"2":{"start":{"line":10,"column":8},"end":{"line":10,"column":62}},"3":{"start":{"line":14,"column":38},"end":{"line":14,"column":120}},"4":{"start":{"line":15,"column":8},"end":{"line":15,"column":100}},"5":{"start":{"line":15,"column":36},"end":{"line":15,"column":100}},"6":{"start":{"line":16,"column":8},"end":{"line":16,"column":74}},"7":{"start":{"line":6,"column":0},"end":{"line":6,"column":21}}},"fnMap":{"0":{"name":"(anonymous_7)","decl":{"start":{"line":7,"column":4},"end":{"line":7,"column":25}},"loc":{"start":{"line":7,"column":130},"end":{"line":7,"column":133}}},"1":{"name":"(anonymous_8)","decl":{"start":{"line":9,"column":10},"end":{"line":9,"column":14}},"loc":{"start":{"line":9,"column":14},"end":{"line":11,"column":null}}},"2":{"name":"(anonymous_10)","decl":{"start":{"line":13,"column":10},"end":{"line":13,"column":17}},"loc":{"start":{"line":13,"column":36},"end":{"line":17,"column":null}}}},"branchMap":{"0":{"loc":{"start":{"line":15,"column":8},"end":{"line":15,"column":100}},"type":"if","locations":[{"start":{"line":15,"column":8},"end":{"line":15,"column":100}}]}},"s":{"0":0,"1":0,"2":0,"3":0,"4":0,"5":0,"6":0,"7":1},"f":{"0":0,"1":0,"2":0},"b":{"0":[0]}}
,"/home/wesleysantos/Área de Trabalho/scripts/book-a-vehicle/src/controller/AccountController.ts": {"path":"/home/wesleysantos/Área de Trabalho/scripts/book-a-vehicle/src/controller/AccountController.ts","statementMap":{"0":{"start":{"line":2,"column":0},"end":{"line":2,"column":55}},"1":{"start":{"line":5,"column":0},"end":{"line":5,"column":84}},"2":{"start":{"line":7,"column":0},"end":{"line":7,"column":56}},"3":{"start":{"line":10,"column":25},"end":{"line":10,"column":41}},"4":{"start":{"line":10,"column":52},"end":{"line":10,"column":68}},"5":{"start":{"line":15,"column":33},"end":{"line":15,"column":55}},"6":{"start":{"line":16,"column":12},"end":{"line":16,"column":79}},"7":{"start":{"line":20,"column":41},"end":{"line":20,"column":75}},"8":{"start":{"line":21,"column":24},"end":{"line":21,"column":64}},"9":{"start":{"line":22,"column":21},"end":{"line":22,"column":51}},"10":{"start":{"line":24,"column":8},"end":{"line":28,"column":null}},"11":{"start":{"line":25,"column":12},"end":{"line":25,"column":null}},"12":{"start":{"line":27,"column":12},"end":{"line":27,"column":44}},"13":{"start":{"line":13,"column":0},"end":{"line":13,"column":21}}},"fnMap":{"0":{"name":"(anonymous_8)","decl":{"start":{"line":10,"column":4},"end":{"line":10,"column":25}},"loc":{"start":{"line":10,"column":68},"end":{"line":10,"column":71}}},"1":{"name":"(anonymous_9)","decl":{"start":{"line":15,"column":4},"end":{"line":15,"column":33}},"loc":{"start":{"line":15,"column":55},"end":{"line":17,"column":5}}},"2":{"name":"(anonymous_10)","decl":{"start":{"line":19,"column":17},"end":{"line":19,"column":29}},"loc":{"start":{"line":19,"column":86},"end":{"line":29,"column":null}}}},"branchMap":{"0":{"loc":{"start":{"line":24,"column":8},"end":{"line":28,"column":null}},"type":"if","locations":[{"start":{"line":24,"column":8},"end":{"line":28,"column":null}},{"start":{"line":26,"column":15},"end":{"line":28,"column":null}}]}},"s":{"0":1,"1":1,"2":1,"3":0,"4":0,"5":1,"6":1,"7":0,"8":0,"9":0,"10":0,"11":0,"12":0,"13":1},"f":{"0":0,"1":1,"2":0},"b":{"0":[0,0]}}
,"/home/wesleysantos/Área de Trabalho/scripts/book-a-vehicle/src/controller/VehicleController.ts": {"path":"/home/wesleysantos/Área de Trabalho/scripts/book-a-vehicle/src/controller/VehicleController.ts","statementMap":{"0":{"start":{"line":4,"column":0},"end":{"line":4,"column":84}},"1":{"start":{"line":5,"column":0},"end":{"line":5,"column":62}},"2":{"start":{"line":6,"column":0},"end":{"line":6,"column":106}},"3":{"start":{"line":9,"column":0},"end":{"line":9,"column":53}},"4":{"start":{"line":10,"column":0},"end":{"line":10,"column":56}},"5":{"start":{"line":11,"column":0},"end":{"line":11,"column":51}},"6":{"start":{"line":12,"column":0},"end":{"line":12,"column":57}},"7":{"start":{"line":13,"column":0},"end":{"line":13,"column":96}},"8":{"start":{"line":14,"column":0},"end":{"line":14,"column":83}},"9":{"start":{"line":20,"column":25},"end":{"line":20,"column":43}},"10":{"start":{"line":20,"column":54},"end":{"line":20,"column":67}},"11":{"start":{"line":27,"column":33},"end":{"line":27,"column":55}},"12":{"start":{"line":28,"column":12},"end":{"line":28,"column":79}},"13":{"start":{"line":29,"column":12},"end":{"line":29,"column":101}},"14":{"start":{"line":30,"column":12},"end":{"line":30,"column":78}},"15":{"start":{"line":34,"column":24},"end":{"line":34,"column":62}},"16":{"start":{"line":35,"column":25},"end":{"line":35,"column":48}},"17":{"start":{"line":36,"column":8},"end":{"line":36,"column":87}},"18":{"start":{"line":36,"column":40},"end":{"line":36,"column":87}},"19":{"start":{"line":37,"column":8},"end":{"line":37,"column":32}},"20":{"start":{"line":41,"column":26},"end":{"line":41,"column":38}},"21":{"start":{"line":42,"column":40},"end":{"line":42,"column":91}},"22":{"start":{"line":43,"column":28},"end":{"line":43,"column":108}},"23":{"start":{"line":44,"column":8},"end":{"line":44,"column":93}},"24":{"start":{"line":44,"column":43},"end":{"line":44,"column":93}},"25":{"start":{"line":45,"column":31},"end":{"line":45,"column":68}},"26":{"start":{"line":47,"column":24},"end":{"line":47,"column":98}},"27":{"start":{"line":48,"column":21},"end":{"line":48,"column":103}},"28":{"start":{"line":50,"column":8},"end":{"line":50,"column":79}},"29":{"start":{"line":50,"column":36},"end":{"line":50,"column":79}},"30":{"start":{"line":51,"column":8},"end":{"line":51,"column":23}},"31":{"start":{"line":55,"column":40},"end":{"line":55,"column":91}},"32":{"start":{"line":56,"column":28},"end":{"line":56,"column":106}},"33":{"start":{"line":57,"column":8},"end":{"line":57,"column":93}},"34":{"start":{"line":57,"column":43},"end":{"line":57,"column":93}},"35":{"start":{"line":58,"column":31},"end":{"line":58,"column":68}},"36":{"start":{"line":60,"column":24},"end":{"line":60,"column":100}},"37":{"start":{"line":61,"column":21},"end":{"line":61,"column":54}},"38":{"start":{"line":62,"column":8},"end":{"line":62,"column":79}},"39":{"start":{"line":62,"column":36},"end":{"line":62,"column":79}},"40":{"start":{"line":63,"column":8},"end":{"line":63,"column":23}},"41":{"start":{"line":23,"column":0},"end":{"line":23,"column":21}}},"fnMap":{"0":{"name":"(anonymous_8)","decl":{"start":{"line":20,"column":4},"end":{"line":20,"column":25}},"loc":{"start":{"line":20,"column":67},"end":{"line":20,"column":70}}},"1":{"name":"(anonymous_9)","decl":{"start":{"line":27,"column":4},"end":{"line":27,"column":33}},"loc":{"start":{"line":27,"column":55},"end":{"line":31,"column":5}}},"2":{"name":"(anonymous_10)","decl":{"start":{"line":33,"column":10},"end":{"line":33,"column":14}},"loc":{"start":{"line":33,"column":71},"end":{"line":38,"column":null}}},"3":{"name":"(anonymous_12)","decl":{"start":{"line":40,"column":10},"end":{"line":40,"column":21}},"loc":{"start":{"line":40,"column":78},"end":{"line":52,"column":null}}},"4":{"name":"(anonymous_14)","decl":{"start":{"line":54,"column":10},"end":{"line":54,"column":23}},"loc":{"start":{"line":54,"column":80},"end":{"line":64,"column":null}}}},"branchMap":{"0":{"loc":{"start":{"line":36,"column":8},"end":{"line":36,"column":87}},"type":"if","locations":[{"start":{"line":36,"column":8},"end":{"line":36,"column":87}}]},"1":{"loc":{"start":{"line":44,"column":8},"end":{"line":44,"column":93}},"type":"if","locations":[{"start":{"line":44,"column":8},"end":{"line":44,"column":93}}]},"2":{"loc":{"start":{"line":50,"column":8},"end":{"line":50,"column":79}},"type":"if","locations":[{"start":{"line":50,"column":8},"end":{"line":50,"column":79}}]},"3":{"loc":{"start":{"line":57,"column":8},"end":{"line":57,"column":93}},"type":"if","locations":[{"start":{"line":57,"column":8},"end":{"line":57,"column":93}}]},"4":{"loc":{"start":{"line":62,"column":8},"end":{"line":62,"column":79}},"type":"if","locations":[{"start":{"line":62,"column":8},"end":{"line":62,"column":79}}]}},"s":{"0":1,"1":1,"2":1,"3":1,"4":1,"5":1,"6":1,"7":1,"8":1,"9":0,"10":0,"11":1,"12":1,"13":1,"14":1,"15":0,"16":0,"17":0,"18":0,"19":0,"20":0,"21":0,"22":0,"23":0,"24":0,"25":0,"26":0,"27":0,"28":0,"29":0,"30":0,"31":0,"32":0,"33":0,"34":0,"35":0,"36":0,"37":0,"38":0,"39":0,"40":0,"41":1},"f":{"0":0,"1":1,"2":0,"3":0,"4":0},"b":{"0":[0],"1":[0],"2":[0],"3":[0],"4":[0]}}
,"/home/wesleysantos/Área de Trabalho/scripts/book-a-vehicle/src/domain/Account.ts": {"path":"/home/wesleysantos/Área de Trabalho/scripts/book-a-vehicle/src/domain/Account.ts","statementMap":{"0":{"start":{"line":3,"column":25},"end":{"line":3,"column":41}},"1":{"start":{"line":3,"column":52},"end":{"line":3,"column":68}},"2":{"start":{"line":1,"column":0},"end":{"line":1,"column":21}}},"fnMap":{"0":{"name":"(anonymous_0)","decl":{"start":{"line":3,"column":4},"end":{"line":3,"column":25}},"loc":{"start":{"line":3,"column":68},"end":{"line":4,"column":5}}}},"branchMap":{},"s":{"0":4,"1":4,"2":2},"f":{"0":4},"b":{}}
,"/home/wesleysantos/Área de Trabalho/scripts/book-a-vehicle/src/domain/Vehicle.ts": {"path":"/home/wesleysantos/Área de Trabalho/scripts/book-a-vehicle/src/domain/Vehicle.ts","statementMap":{"0":{"start":{"line":2,"column":25},"end":{"line":2,"column":38}},"1":{"start":{"line":2,"column":49},"end":{"line":2,"column":62}},"2":{"start":{"line":1,"column":0},"end":{"line":1,"column":21}}},"fnMap":{"0":{"name":"(anonymous_0)","decl":{"start":{"line":2,"column":4},"end":{"line":2,"column":25}},"loc":{"start":{"line":2,"column":62},"end":{"line":2,"column":65}}}},"branchMap":{},"s":{"0":4,"1":4,"2":3},"f":{"0":4},"b":{}}
,"/home/wesleysantos/Área de Trabalho/scripts/book-a-vehicle/src/domain/VehicleReservation.ts": {"path":"/home/wesleysantos/Área de Trabalho/scripts/book-a-vehicle/src/domain/VehicleReservation.ts","statementMap":{"0":{"start":{"line":3,"column":17},"end":{"line":3,"column":30}},"1":{"start":{"line":4,"column":17},"end":{"line":4,"column":37}},"2":{"start":{"line":5,"column":17},"end":{"line":5,"column":44}},"3":{"start":{"line":6,"column":17},"end":{"line":6,"column":35}},"4":{"start":{"line":8,"column":8},"end":{"line":8,"column":34}},"5":{"start":{"line":12,"column":8},"end":{"line":12,"column":59}},"6":{"start":{"line":12,"column":52},"end":{"line":12,"column":59}},"7":{"start":{"line":13,"column":8},"end":{"line":13,"column":76}},"8":{"start":{"line":13,"column":69},"end":{"line":13,"column":76}},"9":{"start":{"line":14,"column":8},"end":{"line":14,"column":47}},"10":{"start":{"line":18,"column":8},"end":{"line":18,"column":41}},"11":{"start":{"line":1,"column":0},"end":{"line":1,"column":21}}},"fnMap":{"0":{"name":"(anonymous_0)","decl":{"start":{"line":2,"column":4},"end":{"line":2,"column":null}},"loc":{"start":{"line":6,"column":35},"end":{"line":9,"column":5}}},"1":{"name":"(anonymous_1)","decl":{"start":{"line":11,"column":12},"end":{"line":11,"column":30}},"loc":{"start":{"line":11,"column":30},"end":{"line":15,"column":5}}},"2":{"name":"(anonymous_2)","decl":{"start":{"line":17,"column":11},"end":{"line":17,"column":21}},"loc":{"start":{"line":17,"column":21},"end":{"line":19,"column":5}}}},"branchMap":{"0":{"loc":{"start":{"line":4,"column":17},"end":{"line":4,"column":47}},"type":"default-arg","locations":[{"start":{"line":4,"column":37},"end":{"line":4,"column":47}}]},"1":{"loc":{"start":{"line":5,"column":17},"end":{"line":5,"column":48}},"type":"default-arg","locations":[{"start":{"line":5,"column":44},"end":{"line":5,"column":48}}]},"2":{"loc":{"start":{"line":12,"column":8},"end":{"line":12,"column":59}},"type":"if","locations":[{"start":{"line":12,"column":8},"end":{"line":12,"column":59}}]},"3":{"loc":{"start":{"line":12,"column":12},"end":{"line":12,"column":50}},"type":"binary-expr","locations":[{"start":{"line":12,"column":12},"end":{"line":12,"column":29}},{"start":{"line":12,"column":33},"end":{"line":12,"column":50}}]},"4":{"loc":{"start":{"line":13,"column":8},"end":{"line":13,"column":76}},"type":"if","locations":[{"start":{"line":13,"column":8},"end":{"line":13,"column":76}}]}},"s":{"0":4,"1":4,"2":4,"3":4,"4":4,"5":4,"6":2,"7":2,"8":1,"9":1,"10":1,"11":2},"f":{"0":4,"1":4,"2":1},"b":{"0":[1],"1":[1],"2":[2],"3":[4,4],"4":[1]}}
,"/home/wesleysantos/Área de Trabalho/scripts/book-a-vehicle/src/infra/database/AccountDatabaseRepository.ts": {"path":"/home/wesleysantos/Área de Trabalho/scripts/book-a-vehicle/src/infra/database/AccountDatabaseRepository.ts","statementMap":{"0":{"start":{"line":4,"column":0},"end":{"line":4,"column":70}},"1":{"start":{"line":7,"column":25},"end":{"line":7,"column":50}},"2":{"start":{"line":10,"column":8},"end":{"line":15,"column":null}},"3":{"start":{"line":11,"column":29},"end":{"line":11,"column":190}},"4":{"start":{"line":12,"column":12},"end":{"line":12,"column":22}},"5":{"start":{"line":14,"column":12},"end":{"line":14,"column":24}},"6":{"start":{"line":19,"column":39},"end":{"line":19,"column":46}},"7":{"start":{"line":20,"column":8},"end":{"line":25,"column":null}},"8":{"start":{"line":21,"column":26},"end":{"line":21,"column":139}},"9":{"start":{"line":22,"column":12},"end":{"line":22,"column":23}},"10":{"start":{"line":24,"column":12},"end":{"line":24,"column":24}},"11":{"start":{"line":29,"column":39},"end":{"line":29,"column":46}},"12":{"start":{"line":30,"column":8},"end":{"line":35,"column":null}},"13":{"start":{"line":31,"column":26},"end":{"line":31,"column":156}},"14":{"start":{"line":32,"column":12},"end":{"line":32,"column":23}},"15":{"start":{"line":34,"column":12},"end":{"line":34,"column":24}},"16":{"start":{"line":39,"column":35},"end":{"line":39,"column":42}},"17":{"start":{"line":40,"column":8},"end":{"line":45,"column":null}},"18":{"start":{"line":41,"column":26},"end":{"line":41,"column":106}},"19":{"start":{"line":42,"column":12},"end":{"line":42,"column":45}},"20":{"start":{"line":44,"column":12},"end":{"line":44,"column":24}},"21":{"start":{"line":6,"column":0},"end":{"line":6,"column":21}}},"fnMap":{"0":{"name":"(anonymous_8)","decl":{"start":{"line":7,"column":4},"end":{"line":7,"column":25}},"loc":{"start":{"line":7,"column":82},"end":{"line":7,"column":85}}},"1":{"name":"(anonymous_9)","decl":{"start":{"line":9,"column":10},"end":{"line":9,"column":16}},"loc":{"start":{"line":9,"column":33},"end":{"line":16,"column":null}}},"2":{"name":"(anonymous_11)","decl":{"start":{"line":18,"column":10},"end":{"line":18,"column":40}},"loc":{"start":{"line":18,"column":57},"end":{"line":26,"column":null}}},"3":{"name":"(anonymous_13)","decl":{"start":{"line":28,"column":10},"end":{"line":28,"column":34}},"loc":{"start":{"line":28,"column":51},"end":{"line":36,"column":null}}},"4":{"name":"(anonymous_15)","decl":{"start":{"line":38,"column":10},"end":{"line":38,"column":13}},"loc":{"start":{"line":38,"column":30},"end":{"line":46,"column":null}}}},"branchMap":{"0":{"loc":{"start":{"line":7,"column":25},"end":{"line":7,"column":82}},"type":"default-arg","locations":[{"start":{"line":7,"column":50},"end":{"line":7,"column":82}}]}},"s":{"0":1,"1":2,"2":0,"3":0,"4":0,"5":0,"6":0,"7":0,"8":0,"9":0,"10":0,"11":0,"12":0,"13":0,"14":0,"15":0,"16":0,"17":0,"18":0,"19":0,"20":0,"21":1},"f":{"0":2,"1":0,"2":0,"3":0,"4":0},"b":{"0":[0]}}
,"/home/wesleysantos/Área de Trabalho/scripts/book-a-vehicle/src/infra/database/PgPromiseConnectionAdapter.ts": {"path":"/home/wesleysantos/Área de Trabalho/scripts/book-a-vehicle/src/infra/database/PgPromiseConnectionAdapter.ts","statementMap":{"0":{"start":{"line":2,"column":0},"end":{"line":2,"column":29}},"1":{"start":{"line":8,"column":2},"end":{"line":8,"column":116}},"2":{"start":{"line":12,"column":2},"end":{"line":12,"column":43}},"3":{"start":{"line":16,"column":2},"end":{"line":16,"column":30}},"4":{"start":{"line":4,"column":0},"end":{"line":4,"column":21}}},"fnMap":{"0":{"name":"(anonymous_1)","decl":{"start":{"line":7,"column":1},"end":{"line":7,"column":null}},"loc":{"start":{"line":7,"column":1},"end":{"line":9,"column":2}}},"1":{"name":"(anonymous_2)","decl":{"start":{"line":11,"column":1},"end":{"line":11,"column":6}},"loc":{"start":{"line":11,"column":37},"end":{"line":13,"column":2}}},"2":{"name":"(anonymous_3)","decl":{"start":{"line":15,"column":1},"end":{"line":15,"column":6}},"loc":{"start":{"line":15,"column":6},"end":{"line":17,"column":2}}}},"branchMap":{},"s":{"0":1,"1":1,"2":0,"3":0,"4":1},"f":{"0":1,"1":0,"2":0},"b":{}}
,"/home/wesleysantos/Área de Trabalho/scripts/book-a-vehicle/src/infra/database/VehicleDatabaseRepository.ts": {"path":"/home/wesleysantos/Área de Trabalho/scripts/book-a-vehicle/src/infra/database/VehicleDatabaseRepository.ts","statementMap":{"0":{"start":{"line":7,"column":25},"end":{"line":7,"column":47}},"1":{"start":{"line":11,"column":8},"end":{"line":16,"column":null}},"2":{"start":{"line":12,"column":26},"end":{"line":12,"column":105}},"3":{"start":{"line":13,"column":12},"end":{"line":13,"column":23}},"4":{"start":{"line":15,"column":12},"end":{"line":15,"column":24}},"5":{"start":{"line":20,"column":8},"end":{"line":24,"column":null}},"6":{"start":{"line":21,"column":26},"end":{"line":21,"column":150}},"7":{"start":{"line":23,"column":12},"end":{"line":23,"column":24}},"8":{"start":{"line":28,"column":8},"end":{"line":47,"column":null}},"9":{"start":{"line":29,"column":24},"end":{"line":43,"column":18}},"10":{"start":{"line":44,"column":12},"end":{"line":44,"column":23}},"11":{"start":{"line":46,"column":12},"end":{"line":46,"column":24}},"12":{"start":{"line":6,"column":0},"end":{"line":6,"column":21}}},"fnMap":{"0":{"name":"(anonymous_7)","decl":{"start":{"line":7,"column":4},"end":{"line":7,"column":25}},"loc":{"start":{"line":7,"column":47},"end":{"line":8,"column":5}}},"1":{"name":"(anonymous_8)","decl":{"start":{"line":10,"column":10},"end":{"line":10,"column":13}},"loc":{"start":{"line":10,"column":27},"end":{"line":17,"column":null}}},"2":{"name":"(anonymous_10)","decl":{"start":{"line":19,"column":10},"end":{"line":19,"column":18}},"loc":{"start":{"line":19,"column":35},"end":{"line":25,"column":null}}},"3":{"name":"(anonymous_12)","decl":{"start":{"line":27,"column":10},"end":{"line":27,"column":14}},"loc":{"start":{"line":27,"column":14},"end":{"line":48,"column":null}}}},"branchMap":{},"s":{"0":1,"1":0,"2":0,"3":0,"4":0,"5":0,"6":0,"7":0,"8":0,"9":0,"10":0,"11":0,"12":1},"f":{"0":1,"1":0,"2":0,"3":0},"b":{}}
,"/home/wesleysantos/Área de Trabalho/scripts/book-a-vehicle/src/infra/database/VehicleReservationDatabaseRepository.ts": {"path":"/home/wesleysantos/Área de Trabalho/scripts/book-a-vehicle/src/infra/database/VehicleReservationDatabaseRepository.ts","statementMap":{"0":{"start":{"line":8,"column":25},"end":{"line":8,"column":47}},"1":{"start":{"line":12,"column":64},"end":{"line":12,"column":82}},"2":{"start":{"line":13,"column":34},"end":{"line":13,"column":66}},"3":{"start":{"line":14,"column":8},"end":{"line":20,"column":null}},"4":{"start":{"line":15,"column":12},"end":{"line":15,"column":142}},"5":{"start":{"line":15,"column":71},"end":{"line":15,"column":142}},"6":{"start":{"line":16,"column":12},"end":{"line":16,"column":102}},"7":{"start":{"line":16,"column":57},"end":{"line":16,"column":102}},"8":{"start":{"line":17,"column":26},"end":{"line":17,"column":205}},"9":{"start":{"line":19,"column":12},"end":{"line":19,"column":24}},"10":{"start":{"line":24,"column":8},"end":{"line":29,"column":null}},"11":{"start":{"line":25,"column":12},"end":{"line":25,"column":130}},"12":{"start":{"line":25,"column":72},"end":{"line":25,"column":130}},"13":{"start":{"line":26,"column":26},"end":{"line":26,"column":172}},"14":{"start":{"line":28,"column":12},"end":{"line":28,"column":24}},"15":{"start":{"line":33,"column":8},"end":{"line":38,"column":null}},"16":{"start":{"line":34,"column":26},"end":{"line":34,"column":146}},"17":{"start":{"line":35,"column":12},"end":{"line":35,"column":25}},"18":{"start":{"line":37,"column":12},"end":{"line":37,"column":24}},"19":{"start":{"line":42,"column":8},"end":{"line":47,"column":null}},"20":{"start":{"line":43,"column":26},"end":{"line":43,"column":136}},"21":{"start":{"line":44,"column":12},"end":{"line":44,"column":25}},"22":{"start":{"line":46,"column":12},"end":{"line":46,"column":24}},"23":{"start":{"line":51,"column":20},"end":{"line":51,"column":77}},"24":{"start":{"line":52,"column":8},"end":{"line":52,"column":43}},"25":{"start":{"line":7,"column":0},"end":{"line":7,"column":21}}},"fnMap":{"0":{"name":"(anonymous_7)","decl":{"start":{"line":8,"column":4},"end":{"line":8,"column":25}},"loc":{"start":{"line":8,"column":47},"end":{"line":9,"column":5}}},"1":{"name":"(anonymous_8)","decl":{"start":{"line":11,"column":10},"end":{"line":11,"column":14}},"loc":{"start":{"line":11,"column":53},"end":{"line":21,"column":null}}},"2":{"name":"(anonymous_10)","decl":{"start":{"line":23,"column":10},"end":{"line":23,"column":23}},"loc":{"start":{"line":23,"column":42},"end":{"line":30,"column":null}}},"3":{"name":"(anonymous_12)","decl":{"start":{"line":32,"column":10},"end":{"line":32,"column":40}},"loc":{"start":{"line":32,"column":59},"end":{"line":39,"column":null}}},"4":{"name":"(anonymous_14)","decl":{"start":{"line":41,"column":10},"end":{"line":41,"column":31}},"loc":{"start":{"line":41,"column":45},"end":{"line":48,"column":null}}},"5":{"name":"(anonymous_16)","decl":{"start":{"line":50,"column":10},"end":{"line":50,"column":14}},"loc":{"start":{"line":50,"column":14},"end":{"line":53,"column":null}}}},"branchMap":{"0":{"loc":{"start":{"line":13,"column":34},"end":{"line":13,"column":66}},"type":"cond-expr","locations":[{"start":{"line":13,"column":48},"end":{"line":13,"column":59}},{"start":{"line":13,"column":62},"end":{"line":13,"column":66}}]},"1":{"loc":{"start":{"line":15,"column":12},"end":{"line":15,"column":142}},"type":"if","locations":[{"start":{"line":15,"column":12},"end":{"line":15,"column":142}}]},"2":{"loc":{"start":{"line":16,"column":12},"end":{"line":16,"column":102}},"type":"if","locations":[{"start":{"line":16,"column":12},"end":{"line":16,"column":102}}]},"3":{"loc":{"start":{"line":25,"column":12},"end":{"line":25,"column":130}},"type":"if","locations":[{"start":{"line":25,"column":12},"end":{"line":25,"column":130}}]}},"s":{"0":1,"1":0,"2":0,"3":0,"4":0,"5":0,"6":0,"7":0,"8":0,"9":0,"10":0,"11":0,"12":0,"13":0,"14":0,"15":0,"16":0,"17":0,"18":0,"19":0,"20":0,"21":0,"22":0,"23":0,"24":0,"25":1},"f":{"0":1,"1":0,"2":0,"3":0,"4":0,"5":0},"b":{"0":[0,0],"1":[0],"2":[0],"3":[0]}}
,"/home/wesleysantos/Área de Trabalho/scripts/book-a-vehicle/src/infra/http/Api.ts": {"path":"/home/wesleysantos/Área de Trabalho/scripts/book-a-vehicle/src/infra/http/Api.ts","statementMap":{"0":{"start":{"line":2,"column":0},"end":{"line":2,"column":30}},"1":{"start":{"line":3,"column":0},"end":{"line":3,"column":67}},"2":{"start":{"line":4,"column":0},"end":{"line":4,"column":50}},"3":{"start":{"line":5,"column":0},"end":{"line":5,"column":57}},"4":{"start":{"line":6,"column":0},"end":{"line":6,"column":67}},"5":{"start":{"line":7,"column":0},"end":{"line":7,"column":80}},"6":{"start":{"line":8,"column":0},"end":{"line":8,"column":49}},"7":{"start":{"line":9,"column":0},"end":{"line":9,"column":26}},"8":{"start":{"line":11,"column":12},"end":{"line":11,"column":21}},"9":{"start":{"line":12,"column":15},"end":{"line":12,"column":31}},"10":{"start":{"line":15,"column":21},"end":{"line":15,"column":58}},"11":{"start":{"line":16,"column":20},"end":{"line":16,"column":56}},"12":{"start":{"line":17,"column":18},"end":{"line":17,"column":81}},"13":{"start":{"line":18,"column":24},"end":{"line":18,"column":47}},"14":{"start":{"line":21,"column":19},"end":{"line":21,"column":51}},"15":{"start":{"line":23,"column":0},"end":{"line":23,"column":24}},"16":{"start":{"line":24,"column":0},"end":{"line":24,"column":105}},"17":{"start":{"line":25,"column":0},"end":{"line":25,"column":24}},"18":{"start":{"line":28,"column":0},"end":{"line":28,"column":80}},"19":{"start":{"line":28,"column":63},"end":{"line":28,"column":79}},"20":{"start":{"line":28,"column":64},"end":{"line":28,"column":79}},"21":{"start":{"line":31,"column":25},"end":{"line":31,"column":58}},"22":{"start":{"line":32,"column":0},"end":{"line":32,"column":155}},"23":{"start":{"line":32,"column":92},"end":{"line":32,"column":138}},"24":{"start":{"line":32,"column":93},"end":{"line":32,"column":138}},"25":{"start":{"line":33,"column":0},"end":{"line":33,"column":168}},"26":{"start":{"line":33,"column":98},"end":{"line":33,"column":151}},"27":{"start":{"line":33,"column":99},"end":{"line":33,"column":151}},"28":{"start":{"line":34,"column":0},"end":{"line":34,"column":171}},"29":{"start":{"line":34,"column":99},"end":{"line":34,"column":154}},"30":{"start":{"line":34,"column":100},"end":{"line":34,"column":154}},"31":{"start":{"line":37,"column":26},"end":{"line":37,"column":59}},"32":{"start":{"line":38,"column":0},"end":{"line":38,"column":159}},"33":{"start":{"line":38,"column":87},"end":{"line":38,"column":142}},"34":{"start":{"line":38,"column":88},"end":{"line":38,"column":142}},"35":{"start":{"line":40,"column":0},"end":{"line":40,"column":19}}},"fnMap":{"0":{"name":"(anonymous_8)","decl":{"start":{"line":28,"column":16},"end":{"line":28,"column":23}},"loc":{"start":{"line":28,"column":63},"end":{"line":28,"column":79}}},"1":{"name":"(anonymous_9)","decl":{"start":{"line":28,"column":63},"end":{"line":28,"column":64}},"loc":{"start":{"line":28,"column":63},"end":{"line":28,"column":79}}},"2":{"name":"(anonymous_10)","decl":{"start":{"line":32,"column":34},"end":{"line":32,"column":41}},"loc":{"start":{"line":32,"column":92},"end":{"line":32,"column":138}}},"3":{"name":"(anonymous_11)","decl":{"start":{"line":32,"column":92},"end":{"line":32,"column":93}},"loc":{"start":{"line":32,"column":92},"end":{"line":32,"column":138}}},"4":{"name":"(anonymous_12)","decl":{"start":{"line":33,"column":40},"end":{"line":33,"column":47}},"loc":{"start":{"line":33,"column":98},"end":{"line":33,"column":151}}},"5":{"name":"(anonymous_13)","decl":{"start":{"line":33,"column":98},"end":{"line":33,"column":99}},"loc":{"start":{"line":33,"column":98},"end":{"line":33,"column":151}}},"6":{"name":"(anonymous_14)","decl":{"start":{"line":34,"column":41},"end":{"line":34,"column":48}},"loc":{"start":{"line":34,"column":99},"end":{"line":34,"column":154}}},"7":{"name":"(anonymous_15)","decl":{"start":{"line":34,"column":99},"end":{"line":34,"column":100}},"loc":{"start":{"line":34,"column":99},"end":{"line":34,"column":154}}},"8":{"name":"(anonymous_16)","decl":{"start":{"line":38,"column":29},"end":{"line":38,"column":36}},"loc":{"start":{"line":38,"column":87},"end":{"line":38,"column":142}}},"9":{"name":"(anonymous_17)","decl":{"start":{"line":38,"column":87},"end":{"line":38,"column":88}},"loc":{"start":{"line":38,"column":87},"end":{"line":38,"column":142}}}},"branchMap":{},"s":{"0":1,"1":1,"2":1,"3":1,"4":1,"5":1,"6":1,"7":1,"8":1,"9":1,"10":1,"11":1,"12":1,"13":1,"14":1,"15":1,"16":1,"17":1,"18":1,"19":0,"20":0,"21":1,"22":1,"23":0,"24":0,"25":1,"26":0,"27":0,"28":1,"29":0,"30":0,"31":1,"32":1,"33":0,"34":0,"35":1},"f":{"0":0,"1":0,"2":0,"3":0,"4":0,"5":0,"6":0,"7":0,"8":0,"9":0},"b":{}}
,"/home/wesleysantos/Área de Trabalho/scripts/book-a-vehicle/src/infra/http/HttpException.ts": {"path":"/home/wesleysantos/Área de Trabalho/scripts/book-a-vehicle/src/infra/http/HttpException.ts","statementMap":{"0":{"start":{"line":5,"column":8},"end":{"line":5,"column":23}},"1":{"start":{"line":6,"column":8},"end":{"line":6,"column":29}},"2":{"start":{"line":7,"column":8},"end":{"line":7,"column":31}},"3":{"start":{"line":1,"column":0},"end":{"line":1,"column":21}}},"fnMap":{"0":{"name":"(anonymous_0)","decl":{"start":{"line":4,"column":4},"end":{"line":4,"column":16}},"loc":{"start":{"line":4,"column":47},"end":{"line":8,"column":5}}}},"branchMap":{},"s":{"0":0,"1":0,"2":0,"3":1},"f":{"0":0},"b":{}}
,"/home/wesleysantos/Área de Trabalho/scripts/book-a-vehicle/src/infra/http/middlewares/authentication.ts": {"path":"/home/wesleysantos/Área de Trabalho/scripts/book-a-vehicle/src/infra/http/middlewares/authentication.ts","statementMap":{"0":{"start":{"line":2,"column":0},"end":{"line":2,"column":57}},"1":{"start":{"line":5,"column":2},"end":{"line":18,"column":null}},"2":{"start":{"line":6,"column":14},"end":{"line":6,"column":39}},"3":{"start":{"line":8,"column":4},"end":{"line":8,"column":72}},"4":{"start":{"line":8,"column":14},"end":{"line":8,"column":72}},"5":{"start":{"line":10,"column":4},"end":{"line":10,"column":91}},"6":{"start":{"line":12,"column":4},"end":{"line":12,"column":29}},"7":{"start":{"line":13,"column":4},"end":{"line":13,"column":36}},"8":{"start":{"line":14,"column":4},"end":{"line":14,"column":11}},"9":{"start":{"line":16,"column":4},"end":{"line":16,"column":113}},"10":{"start":{"line":16,"column":55},"end":{"line":16,"column":113}},"11":{"start":{"line":17,"column":4},"end":{"line":17,"column":69}},"12":{"start":{"line":4,"column":0},"end":{"line":4,"column":22}}},"fnMap":{"0":{"name":"authorize","decl":{"start":{"line":4,"column":22},"end":{"line":4,"column":31}},"loc":{"start":{"line":4,"column":79},"end":{"line":19,"column":2}}}},"branchMap":{"0":{"loc":{"start":{"line":8,"column":4},"end":{"line":8,"column":72}},"type":"if","locations":[{"start":{"line":8,"column":4},"end":{"line":8,"column":72}}]},"1":{"loc":{"start":{"line":10,"column":10},"end":{"line":10,"column":90}},"type":"cond-expr","locations":[{"start":{"line":10,"column":51},"end":{"line":10,"column":84}},{"start":{"line":10,"column":87},"end":{"line":10,"column":90}}]},"2":{"loc":{"start":{"line":16,"column":4},"end":{"line":16,"column":113}},"type":"if","locations":[{"start":{"line":16,"column":4},"end":{"line":16,"column":113}}]}},"s":{"0":1,"1":0,"2":0,"3":0,"4":0,"5":0,"6":0,"7":0,"8":0,"9":0,"10":0,"11":0,"12":1},"f":{"0":0},"b":{"0":[0],"1":[0,0],"2":[0]}}
,"/home/wesleysantos/Área de Trabalho/scripts/book-a-vehicle/src/infra/http/middlewares/error.ts": {"path":"/home/wesleysantos/Área de Trabalho/scripts/book-a-vehicle/src/infra/http/middlewares/error.ts","statementMap":{"0":{"start":{"line":5,"column":19},"end":{"line":5,"column":38}},"1":{"start":{"line":6,"column":20},"end":{"line":6,"column":59}},"2":{"start":{"line":7,"column":4},"end":{"line":12,"column":null}},"3":{"start":{"line":4,"column":0},"end":{"line":4,"column":24}}},"fnMap":{"0":{"name":"errorMiddleware","decl":{"start":{"line":4,"column":24},"end":{"line":4,"column":39}},"loc":{"start":{"line":4,"column":118},"end":{"line":13,"column":1}}}},"branchMap":{"0":{"loc":{"start":{"line":5,"column":19},"end":{"line":5,"column":38}},"type":"binary-expr","locations":[{"start":{"line":5,"column":19},"end":{"line":5,"column":31}},{"start":{"line":5,"column":35},"end":{"line":5,"column":38}}]},"1":{"loc":{"start":{"line":6,"column":20},"end":{"line":6,"column":59}},"type":"binary-expr","locations":[{"start":{"line":6,"column":20},"end":{"line":6,"column":33}},{"start":{"line":6,"column":37},"end":{"line":6,"column":59}}]}},"s":{"0":0,"1":0,"2":0,"3":1},"f":{"0":0},"b":{"0":[0,0],"1":[0,0]}}
,"/home/wesleysantos/Área de Trabalho/scripts/book-a-vehicle/src/infra/memory/AccountMemoryRepository.ts": {"path":"/home/wesleysantos/Área de Trabalho/scripts/book-a-vehicle/src/infra/memory/AccountMemoryRepository.ts","statementMap":{"0":{"start":{"line":8,"column":8},"end":{"line":8,"column":26}},"1":{"start":{"line":12,"column":8},"end":{"line":12,"column":51}},"2":{"start":{"line":15,"column":8},"end":{"line":15,"column":51}},"3":{"start":{"line":19,"column":30},"end":{"line":19,"column":96}},"4":{"start":{"line":19,"column":66},"end":{"line":19,"column":95}},"5":{"start":{"line":20,"column":8},"end":{"line":20,"column":71}},"6":{"start":{"line":20,"column":27},"end":{"line":20,"column":71}},"7":{"start":{"line":21,"column":8},"end":{"line":21,"column":45}},"8":{"start":{"line":22,"column":8},"end":{"line":22,"column":35}},"9":{"start":{"line":23,"column":8},"end":{"line":23,"column":26}},"10":{"start":{"line":27,"column":8},"end":{"line":27,"column":64}},"11":{"start":{"line":27,"column":45},"end":{"line":27,"column":62}},"12":{"start":{"line":4,"column":0},"end":{"line":4,"column":21}}},"fnMap":{"0":{"name":"(anonymous_7)","decl":{"start":{"line":7,"column":4},"end":{"line":7,"column":null}},"loc":{"start":{"line":7,"column":4},"end":{"line":9,"column":5}}},"1":{"name":"(anonymous_8)","decl":{"start":{"line":11,"column":4},"end":{"line":11,"column":28}},"loc":{"start":{"line":11,"column":45},"end":{"line":13,"column":5}}},"2":{"name":"(anonymous_9)","decl":{"start":{"line":14,"column":4},"end":{"line":14,"column":34}},"loc":{"start":{"line":14,"column":51},"end":{"line":16,"column":5}}},"3":{"name":"(anonymous_10)","decl":{"start":{"line":18,"column":10},"end":{"line":18,"column":16}},"loc":{"start":{"line":18,"column":33},"end":{"line":24,"column":null}}},"4":{"name":"(anonymous_12)","decl":{"start":{"line":19,"column":48},"end":{"line":19,"column":49}},"loc":{"start":{"line":19,"column":66},"end":{"line":19,"column":95}}},"5":{"name":"(anonymous_13)","decl":{"start":{"line":26,"column":10},"end":{"line":26,"column":13}},"loc":{"start":{"line":26,"column":30},"end":{"line":28,"column":null}}},"6":{"name":"(anonymous_15)","decl":{"start":{"line":27,"column":33},"end":{"line":27,"column":34}},"loc":{"start":{"line":27,"column":45},"end":{"line":27,"column":62}}}},"branchMap":{"0":{"loc":{"start":{"line":20,"column":8},"end":{"line":20,"column":71}},"type":"if","locations":[{"start":{"line":20,"column":8},"end":{"line":20,"column":71}}]}},"s":{"0":2,"1":0,"2":0,"3":3,"4":1,"5":3,"6":1,"7":2,"8":2,"9":2,"10":1,"11":1,"12":1},"f":{"0":2,"1":0,"2":0,"3":3,"4":1,"5":1,"6":1},"b":{"0":[1]}}
,"/home/wesleysantos/Área de Trabalho/scripts/book-a-vehicle/src/infra/memory/VehicleMemoryRepository.ts": {"path":"/home/wesleysantos/Área de Trabalho/scripts/book-a-vehicle/src/infra/memory/VehicleMemoryRepository.ts","statementMap":{"0":{"start":{"line":5,"column":12},"end":{"line":5,"column":37}},"1":{"start":{"line":8,"column":8},"end":{"line":8,"column":27}},"2":{"start":{"line":12,"column":8},"end":{"line":12,"column":72}},"3":{"start":{"line":12,"column":47},"end":{"line":12,"column":70}},"4":{"start":{"line":16,"column":8},"end":{"line":16,"column":36}},"5":{"start":{"line":20,"column":8},"end":{"line":20,"column":29}},"6":{"start":{"line":4,"column":0},"end":{"line":4,"column":21}}},"fnMap":{"0":{"name":"(anonymous_7)","decl":{"start":{"line":7,"column":4},"end":{"line":7,"column":null}},"loc":{"start":{"line":7,"column":4},"end":{"line":9,"column":5}}},"1":{"name":"(anonymous_8)","decl":{"start":{"line":11,"column":10},"end":{"line":11,"column":13}},"loc":{"start":{"line":11,"column":27},"end":{"line":13,"column":null}}},"2":{"name":"(anonymous_10)","decl":{"start":{"line":12,"column":34},"end":{"line":12,"column":35}},"loc":{"start":{"line":12,"column":47},"end":{"line":12,"column":70}}},"3":{"name":"(anonymous_11)","decl":{"start":{"line":15,"column":10},"end":{"line":15,"column":18}},"loc":{"start":{"line":15,"column":35},"end":{"line":17,"column":null}}},"4":{"name":"(anonymous_13)","decl":{"start":{"line":19,"column":10},"end":{"line":19,"column":14}},"loc":{"start":{"line":19,"column":14},"end":{"line":21,"column":null}}}},"branchMap":{},"s":{"0":2,"1":2,"2":0,"3":0,"4":3,"5":2,"6":2},"f":{"0":2,"1":0,"2":0,"3":3,"4":2},"b":{}}
,"/home/wesleysantos/Área de Trabalho/scripts/book-a-vehicle/src/utils/jwt.utils.ts": {"path":"/home/wesleysantos/Área de Trabalho/scripts/book-a-vehicle/src/utils/jwt.utils.ts","statementMap":{"0":{"start":{"line":1,"column":0},"end":{"line":1,"column":57}},"1":{"start":{"line":8,"column":17},"end":{"line":8,"column":57}},"2":{"start":{"line":9,"column":37},"end":{"line":11,"column":4}},"3":{"start":{"line":13,"column":2},"end":{"line":13,"column":46}},"4":{"start":{"line":6,"column":0},"end":{"line":6,"column":16}},"5":{"start":{"line":22,"column":17},"end":{"line":22,"column":59}},"6":{"start":{"line":23,"column":2},"end":{"line":28,"column":5}},"7":{"start":{"line":24,"column":4},"end":{"line":27,"column":null}},"8":{"start":{"line":25,"column":6},"end":{"line":25,"column":38}},"9":{"start":{"line":25,"column":17},"end":{"line":25,"column":38}},"10":{"start":{"line":26,"column":6},"end":{"line":26,"column":23}},"11":{"start":{"line":21,"column":0},"end":{"line":21,"column":16}}},"fnMap":{"0":{"name":"generateToken","decl":{"start":{"line":6,"column":16},"end":{"line":6,"column":29}},"loc":{"start":{"line":6,"column":42},"end":{"line":14,"column":1}}},"1":{"name":"validateToken","decl":{"start":{"line":21,"column":16},"end":{"line":21,"column":29}},"loc":{"start":{"line":21,"column":43},"end":{"line":29,"column":1}}},"2":{"name":"(anonymous_2)","decl":{"start":{"line":23,"column":21},"end":{"line":23,"column":22}},"loc":{"start":{"line":23,"column":41},"end":{"line":28,"column":3}}},"3":{"name":"(anonymous_3)","decl":{"start":{"line":24,"column":26},"end":{"line":24,"column":27}},"loc":{"start":{"line":24,"column":50},"end":{"line":27,"column":5}}}},"branchMap":{"0":{"loc":{"start":{"line":8,"column":17},"end":{"line":8,"column":57}},"type":"binary-expr","locations":[{"start":{"line":8,"column":17},"end":{"line":8,"column":45}},{"start":{"line":8,"column":49},"end":{"line":8,"column":57}}]},"1":{"loc":{"start":{"line":22,"column":17},"end":{"line":22,"column":59}},"type":"binary-expr","locations":[{"start":{"line":22,"column":17},"end":{"line":22,"column":45}},{"start":{"line":22,"column":49},"end":{"line":22,"column":59}}]},"2":{"loc":{"start":{"line":25,"column":6},"end":{"line":25,"column":38}},"type":"if","locations":[{"start":{"line":25,"column":6},"end":{"line":25,"column":38}}]}},"s":{"0":1,"1":0,"2":0,"3":0,"4":1,"5":0,"6":0,"7":0,"8":0,"9":0,"10":0,"11":1},"f":{"0":0,"1":0,"2":0,"3":0},"b":{"0":[0,0],"1":[0,0],"2":[0]}}
}
