{"total": {"lines":{"total":240,"covered":119,"skipped":0,"pct":49.58},"statements":{"total":280,"covered":129,"skipped":0,"pct":46.07},"functions":{"total":79,"covered":35,"skipped":0,"pct":44.3},"branches":{"total":39,"covered":7,"skipped":0,"pct":17.94},"branchesTrue":{"total":0,"covered":0,"skipped":0,"pct":100}}
,"/home/wesleysantos/Área de Trabalho/scripts/book-a-vehicle/src/application/Authenticate.ts": {"lines":{"total":6,"covered":4,"skipped":0,"pct":66.66},"functions":{"total":2,"covered":2,"skipped":0,"pct":100},"statements":{"total":7,"covered":4,"skipped":0,"pct":57.14},"branches":{"total":1,"covered":0,"skipped":0,"pct":0}}
,"/home/wesleysantos/Área de Trabalho/scripts/book-a-vehicle/src/application/BookVehicle.ts": {"lines":{"total":10,"covered":1,"skipped":0,"pct":10},"functions":{"total":3,"covered":0,"skipped":0,"pct":0},"statements":{"total":14,"covered":1,"skipped":0,"pct":7.14},"branches":{"total":3,"covered":0,"skipped":0,"pct":0}}
,"/home/wesleysantos/Área de Trabalho/scripts/book-a-vehicle/src/application/CreateAccount.ts": {"lines":{"total":3,"covered":3,"skipped":0,"pct":100},"functions":{"total":2,"covered":2,"skipped":0,"pct":100},"statements":{"total":3,"covered":3,"skipped":0,"pct":100},"branches":{"total":0,"covered":0,"skipped":0,"pct":100}}
,"/home/wesleysantos/Área de Trabalho/scripts/book-a-vehicle/src/application/GetAccount.ts": {"lines":{"total":3,"covered":3,"skipped":0,"pct":100},"functions":{"total":2,"covered":2,"skipped":0,"pct":100},"statements":{"total":3,"covered":3,"skipped":0,"pct":100},"branches":{"total":0,"covered":0,"skipped":0,"pct":100}}
,"/home/wesleysantos/Área de Trabalho/scripts/book-a-vehicle/src/application/GetAuthenticatedAccount.ts": {"lines":{"total":7,"covered":2,"skipped":0,"pct":28.57},"functions":{"total":2,"covered":0,"skipped":0,"pct":0},"statements":{"total":8,"covered":2,"skipped":0,"pct":25},"branches":{"total":1,"covered":0,"skipped":0,"pct":0}}
,"/home/wesleysantos/Área de Trabalho/scripts/book-a-vehicle/src/application/GetVehicle.ts": {"lines":{"total":4,"covered":4,"skipped":0,"pct":100},"functions":{"total":3,"covered":3,"skipped":0,"pct":100},"statements":{"total":5,"covered":5,"skipped":0,"pct":100},"branches":{"total":0,"covered":0,"skipped":0,"pct":100}}
,"/home/wesleysantos/Área de Trabalho/scripts/book-a-vehicle/src/application/RegisterVehicle.ts": {"lines":{"total":3,"covered":3,"skipped":0,"pct":100},"functions":{"total":2,"covered":2,"skipped":0,"pct":100},"statements":{"total":3,"covered":3,"skipped":0,"pct":100},"branches":{"total":0,"covered":0,"skipped":0,"pct":100}}
,"/home/wesleysantos/Área de Trabalho/scripts/book-a-vehicle/src/application/ReturnVehicle.ts": {"lines":{"total":6,"covered":1,"skipped":0,"pct":16.66},"functions":{"total":3,"covered":0,"skipped":0,"pct":0},"statements":{"total":8,"covered":1,"skipped":0,"pct":12.5},"branches":{"total":1,"covered":0,"skipped":0,"pct":0}}
,"/home/wesleysantos/Área de Trabalho/scripts/book-a-vehicle/src/controller/AccountController.ts": {"lines":{"total":13,"covered":9,"skipped":0,"pct":69.23},"functions":{"total":3,"covered":2,"skipped":0,"pct":66.66},"statements":{"total":14,"covered":9,"skipped":0,"pct":64.28},"branches":{"total":2,"covered":0,"skipped":0,"pct":0}}
,"/home/wesleysantos/Área de Trabalho/scripts/book-a-vehicle/src/controller/VehicleController.ts": {"lines":{"total":36,"covered":14,"skipped":0,"pct":38.88},"functions":{"total":5,"covered":1,"skipped":0,"pct":20},"statements":{"total":42,"covered":14,"skipped":0,"pct":33.33},"branches":{"total":5,"covered":0,"skipped":0,"pct":0}}
,"/home/wesleysantos/Área de Trabalho/scripts/book-a-vehicle/src/domain/Account.ts": {"lines":{"total":2,"covered":2,"skipped":0,"pct":100},"functions":{"total":1,"covered":1,"skipped":0,"pct":100},"statements":{"total":3,"covered":3,"skipped":0,"pct":100},"branches":{"total":0,"covered":0,"skipped":0,"pct":100}}
,"/home/wesleysantos/Área de Trabalho/scripts/book-a-vehicle/src/domain/Vehicle.ts": {"lines":{"total":2,"covered":2,"skipped":0,"pct":100},"functions":{"total":1,"covered":1,"skipped":0,"pct":100},"statements":{"total":3,"covered":3,"skipped":0,"pct":100},"branches":{"total":0,"covered":0,"skipped":0,"pct":100}}
,"/home/wesleysantos/Área de Trabalho/scripts/book-a-vehicle/src/domain/VehicleReservation.ts": {"lines":{"total":10,"covered":10,"skipped":0,"pct":100},"functions":{"total":3,"covered":3,"skipped":0,"pct":100},"statements":{"total":12,"covered":12,"skipped":0,"pct":100},"branches":{"total":6,"covered":6,"skipped":0,"pct":100}}
,"/home/wesleysantos/Área de Trabalho/scripts/book-a-vehicle/src/infra/database/AccountDatabaseRepository.ts": {"lines":{"total":22,"covered":7,"skipped":0,"pct":31.81},"functions":{"total":5,"covered":2,"skipped":0,"pct":40},"statements":{"total":22,"covered":7,"skipped":0,"pct":31.81},"branches":{"total":1,"covered":0,"skipped":0,"pct":0}}
,"/home/wesleysantos/Área de Trabalho/scripts/book-a-vehicle/src/infra/database/PgPromiseConnectionAdapter.ts": {"lines":{"total":5,"covered":4,"skipped":0,"pct":80},"functions":{"total":3,"covered":2,"skipped":0,"pct":66.66},"statements":{"total":5,"covered":4,"skipped":0,"pct":80},"branches":{"total":0,"covered":0,"skipped":0,"pct":100}}
,"/home/wesleysantos/Área de Trabalho/scripts/book-a-vehicle/src/infra/database/VehicleDatabaseRepository.ts": {"lines":{"total":13,"covered":2,"skipped":0,"pct":15.38},"functions":{"total":4,"covered":1,"skipped":0,"pct":25},"statements":{"total":13,"covered":2,"skipped":0,"pct":15.38},"branches":{"total":0,"covered":0,"skipped":0,"pct":100}}
,"/home/wesleysantos/Área de Trabalho/scripts/book-a-vehicle/src/infra/database/VehicleReservationDatabaseRepository.ts": {"lines":{"total":23,"covered":2,"skipped":0,"pct":8.69},"functions":{"total":6,"covered":1,"skipped":0,"pct":16.66},"statements":{"total":26,"covered":2,"skipped":0,"pct":7.69},"branches":{"total":5,"covered":0,"skipped":0,"pct":0}}
,"/home/wesleysantos/Área de Trabalho/scripts/book-a-vehicle/src/infra/http/Api.ts": {"lines":{"total":26,"covered":26,"skipped":0,"pct":100},"functions":{"total":10,"covered":2,"skipped":0,"pct":20},"statements":{"total":36,"covered":28,"skipped":0,"pct":77.77},"branches":{"total":0,"covered":0,"skipped":0,"pct":100}}
,"/home/wesleysantos/Área de Trabalho/scripts/book-a-vehicle/src/infra/http/HttpException.ts": {"lines":{"total":4,"covered":1,"skipped":0,"pct":25},"functions":{"total":1,"covered":0,"skipped":0,"pct":0},"statements":{"total":4,"covered":1,"skipped":0,"pct":25},"branches":{"total":0,"covered":0,"skipped":0,"pct":100}}
,"/home/wesleysantos/Área de Trabalho/scripts/book-a-vehicle/src/infra/http/middlewares/authentication.ts": {"lines":{"total":11,"covered":2,"skipped":0,"pct":18.18},"functions":{"total":1,"covered":0,"skipped":0,"pct":0},"statements":{"total":13,"covered":2,"skipped":0,"pct":15.38},"branches":{"total":4,"covered":0,"skipped":0,"pct":0}}
,"/home/wesleysantos/Área de Trabalho/scripts/book-a-vehicle/src/infra/http/middlewares/error.ts": {"lines":{"total":4,"covered":1,"skipped":0,"pct":25},"functions":{"total":1,"covered":0,"skipped":0,"pct":0},"statements":{"total":4,"covered":1,"skipped":0,"pct":25},"branches":{"total":4,"covered":0,"skipped":0,"pct":0}}
,"/home/wesleysantos/Área de Trabalho/scripts/book-a-vehicle/src/infra/memory/AccountMemoryRepository.ts": {"lines":{"total":10,"covered":8,"skipped":0,"pct":80},"functions":{"total":7,"covered":5,"skipped":0,"pct":71.42},"statements":{"total":13,"covered":11,"skipped":0,"pct":84.61},"branches":{"total":1,"covered":1,"skipped":0,"pct":100}}
,"/home/wesleysantos/Área de Trabalho/scripts/book-a-vehicle/src/infra/memory/VehicleMemoryRepository.ts": {"lines":{"total":6,"covered":5,"skipped":0,"pct":83.33},"functions":{"total":5,"covered":3,"skipped":0,"pct":60},"statements":{"total":7,"covered":5,"skipped":0,"pct":71.42},"branches":{"total":0,"covered":0,"skipped":0,"pct":100}}
,"/home/wesleysantos/Área de Trabalho/scripts/book-a-vehicle/src/utils/jwt.utils.ts": {"lines":{"total":11,"covered":3,"skipped":0,"pct":27.27},"functions":{"total":4,"covered":0,"skipped":0,"pct":0},"statements":{"total":12,"covered":3,"skipped":0,"pct":25},"branches":{"total":5,"covered":0,"skipped":0,"pct":0}}
}
