{"/home/wesleysantos/Área de Trabalho/scripts/happmobi/src/application/BookVehicle.ts": {"path":"/home/wesleysantos/Área de Trabalho/scripts/happmobi/src/application/BookVehicle.ts","statementMap":{"0":{"start":{"line":5,"column":25},"end":{"line":5,"column":83}},"1":{"start":{"line":8,"column":8},"end":{"line":8,"column":62}},"2":{"start":{"line":12,"column":45},"end":{"line":12,"column":146}},"3":{"start":{"line":13,"column":8},"end":{"line":14,"column":83}},"4":{"start":{"line":14,"column":12},"end":{"line":14,"column":83}},"5":{"start":{"line":15,"column":37},"end":{"line":15,"column":124}},"6":{"start":{"line":16,"column":8},"end":{"line":17,"column":57}},"7":{"start":{"line":17,"column":12},"end":{"line":17,"column":57}},"8":{"start":{"line":18,"column":8},"end":{"line":18,"column":67}},"9":{"start":{"line":4,"column":0},"end":{"line":4,"column":21}}},"fnMap":{"0":{"name":"(anonymous_7)","decl":{"start":{"line":5,"column":4},"end":{"line":5,"column":25}},"loc":{"start":{"line":5,"column":83},"end":{"line":5,"column":86}}},"1":{"name":"(anonymous_8)","decl":{"start":{"line":7,"column":10},"end":{"line":7,"column":14}},"loc":{"start":{"line":7,"column":14},"end":{"line":9,"column":null}}},"2":{"name":"(anonymous_10)","decl":{"start":{"line":11,"column":10},"end":{"line":11,"column":17}},"loc":{"start":{"line":11,"column":56},"end":{"line":19,"column":null}}}},"branchMap":{"0":{"loc":{"start":{"line":13,"column":8},"end":{"line":14,"column":83}},"type":"if","locations":[{"start":{"line":13,"column":8},"end":{"line":14,"column":83}}]},"1":{"loc":{"start":{"line":16,"column":8},"end":{"line":17,"column":57}},"type":"if","locations":[{"start":{"line":16,"column":8},"end":{"line":17,"column":57}}]}},"s":{"0":4,"1":1,"2":5,"3":5,"4":1,"5":4,"6":4,"7":1,"8":3,"9":1},"f":{"0":4,"1":1,"2":5},"b":{"0":[1],"1":[1]}}
,"/home/wesleysantos/Área de Trabalho/scripts/happmobi/src/application/CreateAccount.ts": {"path":"/home/wesleysantos/Área de Trabalho/scripts/happmobi/src/application/CreateAccount.ts","statementMap":{"0":{"start":{"line":5,"column":25},"end":{"line":5,"column":61}},"1":{"start":{"line":9,"column":8},"end":{"line":9,"column":60}},"2":{"start":{"line":4,"column":0},"end":{"line":4,"column":21}}},"fnMap":{"0":{"name":"(anonymous_7)","decl":{"start":{"line":5,"column":4},"end":{"line":5,"column":25}},"loc":{"start":{"line":5,"column":61},"end":{"line":6,"column":5}}},"1":{"name":"(anonymous_8)","decl":{"start":{"line":8,"column":10},"end":{"line":8,"column":17}},"loc":{"start":{"line":8,"column":34},"end":{"line":10,"column":null}}}},"branchMap":{},"s":{"0":7,"1":7,"2":2},"f":{"0":7,"1":7},"b":{}}
,"/home/wesleysantos/Área de Trabalho/scripts/happmobi/src/application/GetAccount.ts": {"path":"/home/wesleysantos/Área de Trabalho/scripts/happmobi/src/application/GetAccount.ts","statementMap":{"0":{"start":{"line":5,"column":25},"end":{"line":5,"column":61}},"1":{"start":{"line":8,"column":8},"end":{"line":8,"column":54}},"2":{"start":{"line":4,"column":0},"end":{"line":4,"column":21}}},"fnMap":{"0":{"name":"(anonymous_7)","decl":{"start":{"line":5,"column":4},"end":{"line":5,"column":25}},"loc":{"start":{"line":5,"column":61},"end":{"line":5,"column":64}}},"1":{"name":"(anonymous_8)","decl":{"start":{"line":7,"column":10},"end":{"line":7,"column":13}},"loc":{"start":{"line":7,"column":32},"end":{"line":9,"column":null}}}},"branchMap":{},"s":{"0":1,"1":1,"2":1},"f":{"0":1,"1":1},"b":{}}
,"/home/wesleysantos/Área de Trabalho/scripts/happmobi/src/application/GetVehicle.ts": {"path":"/home/wesleysantos/Área de Trabalho/scripts/happmobi/src/application/GetVehicle.ts","statementMap":{"0":{"start":{"line":4,"column":25},"end":{"line":4,"column":61}},"1":{"start":{"line":7,"column":25},"end":{"line":7,"column":60}},"2":{"start":{"line":8,"column":8},"end":{"line":8,"column":56}},"3":{"start":{"line":8,"column":44},"end":{"line":8,"column":53}},"4":{"start":{"line":3,"column":0},"end":{"line":3,"column":21}}},"fnMap":{"0":{"name":"(anonymous_7)","decl":{"start":{"line":4,"column":4},"end":{"line":4,"column":25}},"loc":{"start":{"line":4,"column":61},"end":{"line":4,"column":65}}},"1":{"name":"(anonymous_8)","decl":{"start":{"line":6,"column":10},"end":{"line":6,"column":17}},"loc":{"start":{"line":6,"column":17},"end":{"line":9,"column":null}}},"2":{"name":"(anonymous_10)","decl":{"start":{"line":8,"column":28},"end":{"line":8,"column":29}},"loc":{"start":{"line":8,"column":44},"end":{"line":8,"column":53}}}},"branchMap":{},"s":{"0":4,"1":4,"2":4,"3":6,"4":2},"f":{"0":4,"1":4,"2":6},"b":{}}
,"/home/wesleysantos/Área de Trabalho/scripts/happmobi/src/application/RegisterVehicle.ts": {"path":"/home/wesleysantos/Área de Trabalho/scripts/happmobi/src/application/RegisterVehicle.ts","statementMap":{"0":{"start":{"line":5,"column":25},"end":{"line":5,"column":61}},"1":{"start":{"line":8,"column":8},"end":{"line":8,"column":53}},"2":{"start":{"line":4,"column":0},"end":{"line":4,"column":21}}},"fnMap":{"0":{"name":"(anonymous_7)","decl":{"start":{"line":5,"column":4},"end":{"line":5,"column":25}},"loc":{"start":{"line":5,"column":61},"end":{"line":5,"column":65}}},"1":{"name":"(anonymous_8)","decl":{"start":{"line":7,"column":10},"end":{"line":7,"column":17}},"loc":{"start":{"line":7,"column":32},"end":{"line":9,"column":null}}}},"branchMap":{},"s":{"0":6,"1":7,"2":3},"f":{"0":6,"1":7},"b":{}}
,"/home/wesleysantos/Área de Trabalho/scripts/happmobi/src/domain/Account.ts": {"path":"/home/wesleysantos/Área de Trabalho/scripts/happmobi/src/domain/Account.ts","statementMap":{"0":{"start":{"line":3,"column":25},"end":{"line":3,"column":41}},"1":{"start":{"line":3,"column":52},"end":{"line":3,"column":68}},"2":{"start":{"line":1,"column":0},"end":{"line":1,"column":21}}},"fnMap":{"0":{"name":"(anonymous_0)","decl":{"start":{"line":3,"column":4},"end":{"line":3,"column":25}},"loc":{"start":{"line":3,"column":68},"end":{"line":4,"column":5}}}},"branchMap":{},"s":{"0":8,"1":8,"2":3},"f":{"0":8},"b":{}}
,"/home/wesleysantos/Área de Trabalho/scripts/happmobi/src/domain/Vehicle.ts": {"path":"/home/wesleysantos/Área de Trabalho/scripts/happmobi/src/domain/Vehicle.ts","statementMap":{"0":{"start":{"line":2,"column":25},"end":{"line":2,"column":38}},"1":{"start":{"line":1,"column":0},"end":{"line":1,"column":21}}},"fnMap":{"0":{"name":"(anonymous_0)","decl":{"start":{"line":2,"column":4},"end":{"line":2,"column":25}},"loc":{"start":{"line":2,"column":38},"end":{"line":2,"column":41}}}},"branchMap":{},"s":{"0":8,"1":4},"f":{"0":8},"b":{}}
,"/home/wesleysantos/Área de Trabalho/scripts/happmobi/src/domain/VehicleReservation.ts": {"path":"/home/wesleysantos/Área de Trabalho/scripts/happmobi/src/domain/VehicleReservation.ts","statementMap":{"0":{"start":{"line":3,"column":17},"end":{"line":3,"column":30}},"1":{"start":{"line":4,"column":17},"end":{"line":4,"column":37}},"2":{"start":{"line":5,"column":17},"end":{"line":5,"column":44}},"3":{"start":{"line":6,"column":17},"end":{"line":6,"column":35}},"4":{"start":{"line":8,"column":8},"end":{"line":8,"column":34}},"5":{"start":{"line":12,"column":8},"end":{"line":12,"column":59}},"6":{"start":{"line":12,"column":52},"end":{"line":12,"column":59}},"7":{"start":{"line":13,"column":8},"end":{"line":13,"column":76}},"8":{"start":{"line":13,"column":69},"end":{"line":13,"column":76}},"9":{"start":{"line":14,"column":8},"end":{"line":14,"column":47}},"10":{"start":{"line":18,"column":8},"end":{"line":18,"column":41}},"11":{"start":{"line":1,"column":0},"end":{"line":1,"column":21}}},"fnMap":{"0":{"name":"(anonymous_0)","decl":{"start":{"line":2,"column":4},"end":{"line":2,"column":null}},"loc":{"start":{"line":6,"column":35},"end":{"line":9,"column":5}}},"1":{"name":"(anonymous_1)","decl":{"start":{"line":11,"column":12},"end":{"line":11,"column":30}},"loc":{"start":{"line":11,"column":30},"end":{"line":15,"column":5}}},"2":{"name":"(anonymous_2)","decl":{"start":{"line":17,"column":11},"end":{"line":17,"column":21}},"loc":{"start":{"line":17,"column":21},"end":{"line":19,"column":5}}}},"branchMap":{"0":{"loc":{"start":{"line":4,"column":17},"end":{"line":4,"column":47}},"type":"default-arg","locations":[{"start":{"line":4,"column":37},"end":{"line":4,"column":47}}]},"1":{"loc":{"start":{"line":5,"column":17},"end":{"line":5,"column":48}},"type":"default-arg","locations":[{"start":{"line":5,"column":44},"end":{"line":5,"column":48}}]},"2":{"loc":{"start":{"line":12,"column":8},"end":{"line":12,"column":59}},"type":"if","locations":[{"start":{"line":12,"column":8},"end":{"line":12,"column":59}}]},"3":{"loc":{"start":{"line":12,"column":12},"end":{"line":12,"column":50}},"type":"binary-expr","locations":[{"start":{"line":12,"column":12},"end":{"line":12,"column":29}},{"start":{"line":12,"column":33},"end":{"line":12,"column":50}}]},"4":{"loc":{"start":{"line":13,"column":8},"end":{"line":13,"column":76}},"type":"if","locations":[{"start":{"line":13,"column":8},"end":{"line":13,"column":76}}]}},"s":{"0":9,"1":9,"2":9,"3":9,"4":9,"5":9,"6":7,"7":2,"8":1,"9":1,"10":2,"11":2},"f":{"0":9,"1":9,"2":2},"b":{"0":[1],"1":[1],"2":[7],"3":[9,9],"4":[1]}}
,"/home/wesleysantos/Área de Trabalho/scripts/happmobi/src/infra/memory/AccountMemoryRepository.ts": {"path":"/home/wesleysantos/Área de Trabalho/scripts/happmobi/src/infra/memory/AccountMemoryRepository.ts","statementMap":{"0":{"start":{"line":8,"column":8},"end":{"line":8,"column":26}},"1":{"start":{"line":12,"column":30},"end":{"line":12,"column":96}},"2":{"start":{"line":12,"column":66},"end":{"line":12,"column":95}},"3":{"start":{"line":13,"column":8},"end":{"line":13,"column":71}},"4":{"start":{"line":13,"column":27},"end":{"line":13,"column":71}},"5":{"start":{"line":14,"column":8},"end":{"line":14,"column":45}},"6":{"start":{"line":15,"column":8},"end":{"line":15,"column":35}},"7":{"start":{"line":16,"column":8},"end":{"line":16,"column":26}},"8":{"start":{"line":20,"column":8},"end":{"line":20,"column":64}},"9":{"start":{"line":20,"column":45},"end":{"line":20,"column":62}},"10":{"start":{"line":4,"column":0},"end":{"line":4,"column":21}}},"fnMap":{"0":{"name":"(anonymous_7)","decl":{"start":{"line":7,"column":4},"end":{"line":7,"column":null}},"loc":{"start":{"line":7,"column":4},"end":{"line":9,"column":5}}},"1":{"name":"(anonymous_8)","decl":{"start":{"line":11,"column":10},"end":{"line":11,"column":16}},"loc":{"start":{"line":11,"column":33},"end":{"line":17,"column":null}}},"2":{"name":"(anonymous_10)","decl":{"start":{"line":12,"column":48},"end":{"line":12,"column":49}},"loc":{"start":{"line":12,"column":66},"end":{"line":12,"column":95}}},"3":{"name":"(anonymous_11)","decl":{"start":{"line":19,"column":10},"end":{"line":19,"column":13}},"loc":{"start":{"line":19,"column":32},"end":{"line":21,"column":null}}},"4":{"name":"(anonymous_13)","decl":{"start":{"line":20,"column":33},"end":{"line":20,"column":34}},"loc":{"start":{"line":20,"column":45},"end":{"line":20,"column":62}}}},"branchMap":{"0":{"loc":{"start":{"line":13,"column":8},"end":{"line":13,"column":71}},"type":"if","locations":[{"start":{"line":13,"column":8},"end":{"line":13,"column":71}}]}},"s":{"0":5,"1":7,"2":2,"3":7,"4":1,"5":6,"6":6,"7":6,"8":1,"9":1,"10":2},"f":{"0":5,"1":7,"2":2,"3":1,"4":1},"b":{"0":[1]}}
,"/home/wesleysantos/Área de Trabalho/scripts/happmobi/src/infra/memory/VehicleMemoryRepository.ts": {"path":"/home/wesleysantos/Área de Trabalho/scripts/happmobi/src/infra/memory/VehicleMemoryRepository.ts","statementMap":{"0":{"start":{"line":8,"column":8},"end":{"line":8,"column":27}},"1":{"start":{"line":12,"column":8},"end":{"line":12,"column":36}},"2":{"start":{"line":16,"column":8},"end":{"line":16,"column":29}},"3":{"start":{"line":4,"column":0},"end":{"line":4,"column":21}}},"fnMap":{"0":{"name":"(anonymous_7)","decl":{"start":{"line":7,"column":4},"end":{"line":7,"column":null}},"loc":{"start":{"line":7,"column":4},"end":{"line":9,"column":5}}},"1":{"name":"(anonymous_8)","decl":{"start":{"line":11,"column":10},"end":{"line":11,"column":18}},"loc":{"start":{"line":11,"column":35},"end":{"line":13,"column":null}}},"2":{"name":"(anonymous_10)","decl":{"start":{"line":15,"column":10},"end":{"line":15,"column":14}},"loc":{"start":{"line":15,"column":14},"end":{"line":17,"column":null}}}},"branchMap":{},"s":{"0":5,"1":7,"2":5,"3":3},"f":{"0":5,"1":7,"2":5},"b":{}}
,"/home/wesleysantos/Área de Trabalho/scripts/happmobi/src/infra/memory/VehicleReservationMemoryRepository.ts": {"path":"/home/wesleysantos/Área de Trabalho/scripts/happmobi/src/infra/memory/VehicleReservationMemoryRepository.ts","statementMap":{"0":{"start":{"line":8,"column":8},"end":{"line":8,"column":33}},"1":{"start":{"line":12,"column":27},"end":{"line":12,"column":103}},"2":{"start":{"line":12,"column":72},"end":{"line":12,"column":102}},"3":{"start":{"line":13,"column":8},"end":{"line":13,"column":28}},"4":{"start":{"line":17,"column":31},"end":{"line":17,"column":149}},"5":{"start":{"line":17,"column":76},"end":{"line":17,"column":147}},"6":{"start":{"line":18,"column":8},"end":{"line":18,"column":32}},"7":{"start":{"line":22,"column":8},"end":{"line":22,"column":42}},"8":{"start":{"line":26,"column":8},"end":{"line":26,"column":35}},"9":{"start":{"line":4,"column":0},"end":{"line":4,"column":21}}},"fnMap":{"0":{"name":"(anonymous_7)","decl":{"start":{"line":7,"column":4},"end":{"line":7,"column":null}},"loc":{"start":{"line":7,"column":4},"end":{"line":9,"column":5}}},"1":{"name":"(anonymous_8)","decl":{"start":{"line":11,"column":10},"end":{"line":11,"column":31}},"loc":{"start":{"line":11,"column":45},"end":{"line":14,"column":null}}},"2":{"name":"(anonymous_10)","decl":{"start":{"line":12,"column":52},"end":{"line":12,"column":53}},"loc":{"start":{"line":12,"column":72},"end":{"line":12,"column":102}}},"3":{"name":"(anonymous_11)","decl":{"start":{"line":16,"column":10},"end":{"line":16,"column":40}},"loc":{"start":{"line":16,"column":59},"end":{"line":19,"column":null}}},"4":{"name":"(anonymous_13)","decl":{"start":{"line":17,"column":56},"end":{"line":17,"column":57}},"loc":{"start":{"line":17,"column":76},"end":{"line":17,"column":147}}},"5":{"name":"(anonymous_14)","decl":{"start":{"line":21,"column":10},"end":{"line":21,"column":14}},"loc":{"start":{"line":21,"column":42},"end":{"line":23,"column":null}}},"6":{"name":"(anonymous_16)","decl":{"start":{"line":25,"column":10},"end":{"line":25,"column":14}},"loc":{"start":{"line":25,"column":14},"end":{"line":27,"column":null}}}},"branchMap":{"0":{"loc":{"start":{"line":17,"column":76},"end":{"line":17,"column":147}},"type":"binary-expr","locations":[{"start":{"line":17,"column":76},"end":{"line":17,"column":116}},{"start":{"line":17,"column":120},"end":{"line":17,"column":147}}]}},"s":{"0":3,"1":4,"2":1,"3":4,"4":5,"5":2,"6":5,"7":3,"8":1,"9":1},"f":{"0":3,"1":4,"2":1,"3":5,"4":2,"5":3,"6":1},"b":{"0":[2,1]}}
}
