{"total": {"lines":{"total":243,"covered":203,"skipped":0,"pct":83.53},"statements":{"total":282,"covered":222,"skipped":0,"pct":78.72},"functions":{"total":77,"covered":62,"skipped":0,"pct":80.51},"branches":{"total":39,"covered":13,"skipped":0,"pct":33.33},"branchesTrue":{"total":0,"covered":0,"skipped":0,"pct":100}}
,"/home/wesleysantos/Área de Trabalho/scripts/book-a-vehicle/src/application/Authenticate.ts": {"lines":{"total":8,"covered":7,"skipped":0,"pct":87.5},"functions":{"total":2,"covered":2,"skipped":0,"pct":100},"statements":{"total":9,"covered":7,"skipped":0,"pct":77.77},"branches":{"total":1,"covered":0,"skipped":0,"pct":0}}
,"/home/wesleysantos/Área de Trabalho/scripts/book-a-vehicle/src/application/BookVehicle.ts": {"lines":{"total":10,"covered":9,"skipped":0,"pct":90},"functions":{"total":3,"covered":2,"skipped":0,"pct":66.66},"statements":{"total":14,"covered":10,"skipped":0,"pct":71.42},"branches":{"total":3,"covered":0,"skipped":0,"pct":0}}
,"/home/wesleysantos/Área de Trabalho/scripts/book-a-vehicle/src/application/CreateAccount.ts": {"lines":{"total":3,"covered":3,"skipped":0,"pct":100},"functions":{"total":2,"covered":2,"skipped":0,"pct":100},"statements":{"total":3,"covered":3,"skipped":0,"pct":100},"branches":{"total":0,"covered":0,"skipped":0,"pct":100}}
,"/home/wesleysantos/Área de Trabalho/scripts/book-a-vehicle/src/application/GetAccount.ts": {"lines":{"total":3,"covered":3,"skipped":0,"pct":100},"functions":{"total":2,"covered":2,"skipped":0,"pct":100},"statements":{"total":3,"covered":3,"skipped":0,"pct":100},"branches":{"total":0,"covered":0,"skipped":0,"pct":100}}
,"/home/wesleysantos/Área de Trabalho/scripts/book-a-vehicle/src/application/GetAuthenticatedAccount.ts": {"lines":{"total":7,"covered":7,"skipped":0,"pct":100},"functions":{"total":2,"covered":2,"skipped":0,"pct":100},"statements":{"total":8,"covered":7,"skipped":0,"pct":87.5},"branches":{"total":1,"covered":0,"skipped":0,"pct":0}}
,"/home/wesleysantos/Área de Trabalho/scripts/book-a-vehicle/src/application/GetVehicle.ts": {"lines":{"total":4,"covered":4,"skipped":0,"pct":100},"functions":{"total":3,"covered":3,"skipped":0,"pct":100},"statements":{"total":5,"covered":5,"skipped":0,"pct":100},"branches":{"total":0,"covered":0,"skipped":0,"pct":100}}
,"/home/wesleysantos/Área de Trabalho/scripts/book-a-vehicle/src/application/RegisterVehicle.ts": {"lines":{"total":3,"covered":3,"skipped":0,"pct":100},"functions":{"total":2,"covered":2,"skipped":0,"pct":100},"statements":{"total":3,"covered":3,"skipped":0,"pct":100},"branches":{"total":0,"covered":0,"skipped":0,"pct":100}}
,"/home/wesleysantos/Área de Trabalho/scripts/book-a-vehicle/src/application/ReturnVehicle.ts": {"lines":{"total":6,"covered":5,"skipped":0,"pct":83.33},"functions":{"total":3,"covered":2,"skipped":0,"pct":66.66},"statements":{"total":8,"covered":6,"skipped":0,"pct":75},"branches":{"total":1,"covered":0,"skipped":0,"pct":0}}
,"/home/wesleysantos/Área de Trabalho/scripts/book-a-vehicle/src/controller/AccountController.ts": {"lines":{"total":12,"covered":11,"skipped":0,"pct":91.66},"functions":{"total":3,"covered":2,"skipped":0,"pct":66.66},"statements":{"total":14,"covered":11,"skipped":0,"pct":78.57},"branches":{"total":1,"covered":0,"skipped":0,"pct":0}}
,"/home/wesleysantos/Área de Trabalho/scripts/book-a-vehicle/src/controller/VehicleController.ts": {"lines":{"total":36,"covered":35,"skipped":0,"pct":97.22},"functions":{"total":5,"covered":4,"skipped":0,"pct":80},"statements":{"total":42,"covered":35,"skipped":0,"pct":83.33},"branches":{"total":5,"covered":0,"skipped":0,"pct":0}}
,"/home/wesleysantos/Área de Trabalho/scripts/book-a-vehicle/src/domain/Account.ts": {"lines":{"total":2,"covered":2,"skipped":0,"pct":100},"functions":{"total":1,"covered":1,"skipped":0,"pct":100},"statements":{"total":3,"covered":3,"skipped":0,"pct":100},"branches":{"total":0,"covered":0,"skipped":0,"pct":100}}
,"/home/wesleysantos/Área de Trabalho/scripts/book-a-vehicle/src/domain/Vehicle.ts": {"lines":{"total":2,"covered":2,"skipped":0,"pct":100},"functions":{"total":1,"covered":1,"skipped":0,"pct":100},"statements":{"total":3,"covered":3,"skipped":0,"pct":100},"branches":{"total":0,"covered":0,"skipped":0,"pct":100}}
,"/home/wesleysantos/Área de Trabalho/scripts/book-a-vehicle/src/domain/VehicleReservation.ts": {"lines":{"total":10,"covered":10,"skipped":0,"pct":100},"functions":{"total":3,"covered":3,"skipped":0,"pct":100},"statements":{"total":12,"covered":12,"skipped":0,"pct":100},"branches":{"total":6,"covered":6,"skipped":0,"pct":100}}
,"/home/wesleysantos/Área de Trabalho/scripts/book-a-vehicle/src/infra/database/AccountDatabaseRepository.ts": {"lines":{"total":21,"covered":10,"skipped":0,"pct":47.61},"functions":{"total":5,"covered":3,"skipped":0,"pct":60},"statements":{"total":21,"covered":10,"skipped":0,"pct":47.61},"branches":{"total":0,"covered":0,"skipped":0,"pct":100}}
,"/home/wesleysantos/Área de Trabalho/scripts/book-a-vehicle/src/infra/database/PgPromiseConnectionAdapter.ts": {"lines":{"total":5,"covered":4,"skipped":0,"pct":80},"functions":{"total":3,"covered":2,"skipped":0,"pct":66.66},"statements":{"total":5,"covered":4,"skipped":0,"pct":80},"branches":{"total":0,"covered":0,"skipped":0,"pct":100}}
,"/home/wesleysantos/Área de Trabalho/scripts/book-a-vehicle/src/infra/database/VehicleDatabaseRepository.ts": {"lines":{"total":13,"covered":8,"skipped":0,"pct":61.53},"functions":{"total":4,"covered":3,"skipped":0,"pct":75},"statements":{"total":13,"covered":8,"skipped":0,"pct":61.53},"branches":{"total":0,"covered":0,"skipped":0,"pct":100}}
,"/home/wesleysantos/Área de Trabalho/scripts/book-a-vehicle/src/infra/database/VehicleReservationDatabaseRepository.ts": {"lines":{"total":23,"covered":17,"skipped":0,"pct":73.91},"functions":{"total":6,"covered":5,"skipped":0,"pct":83.33},"statements":{"total":26,"covered":17,"skipped":0,"pct":65.38},"branches":{"total":5,"covered":1,"skipped":0,"pct":20}}
,"/home/wesleysantos/Área de Trabalho/scripts/book-a-vehicle/src/infra/http/Api.ts": {"lines":{"total":29,"covered":28,"skipped":0,"pct":96.55},"functions":{"total":8,"covered":8,"skipped":0,"pct":100},"statements":{"total":37,"covered":36,"skipped":0,"pct":97.29},"branches":{"total":2,"covered":1,"skipped":0,"pct":50}}
,"/home/wesleysantos/Área de Trabalho/scripts/book-a-vehicle/src/infra/http/HttpException.ts": {"lines":{"total":4,"covered":1,"skipped":0,"pct":25},"functions":{"total":1,"covered":0,"skipped":0,"pct":0},"statements":{"total":4,"covered":1,"skipped":0,"pct":25},"branches":{"total":0,"covered":0,"skipped":0,"pct":100}}
,"/home/wesleysantos/Área de Trabalho/scripts/book-a-vehicle/src/infra/http/middlewares/authentication.ts": {"lines":{"total":11,"covered":9,"skipped":0,"pct":81.81},"functions":{"total":1,"covered":1,"skipped":0,"pct":100},"statements":{"total":13,"covered":10,"skipped":0,"pct":76.92},"branches":{"total":4,"covered":2,"skipped":0,"pct":50}}
,"/home/wesleysantos/Área de Trabalho/scripts/book-a-vehicle/src/infra/http/middlewares/error.ts": {"lines":{"total":4,"covered":1,"skipped":0,"pct":25},"functions":{"total":1,"covered":0,"skipped":0,"pct":0},"statements":{"total":4,"covered":1,"skipped":0,"pct":25},"branches":{"total":4,"covered":0,"skipped":0,"pct":0}}
,"/home/wesleysantos/Área de Trabalho/scripts/book-a-vehicle/src/infra/memory/AccountMemoryRepository.ts": {"lines":{"total":10,"covered":8,"skipped":0,"pct":80},"functions":{"total":7,"covered":5,"skipped":0,"pct":71.42},"statements":{"total":13,"covered":11,"skipped":0,"pct":84.61},"branches":{"total":1,"covered":1,"skipped":0,"pct":100}}
,"/home/wesleysantos/Área de Trabalho/scripts/book-a-vehicle/src/infra/memory/VehicleMemoryRepository.ts": {"lines":{"total":6,"covered":5,"skipped":0,"pct":83.33},"functions":{"total":5,"covered":3,"skipped":0,"pct":60},"statements":{"total":7,"covered":5,"skipped":0,"pct":71.42},"branches":{"total":0,"covered":0,"skipped":0,"pct":100}}
,"/home/wesleysantos/Área de Trabalho/scripts/book-a-vehicle/src/utils/jwt.utils.ts": {"lines":{"total":11,"covered":11,"skipped":0,"pct":100},"functions":{"total":4,"covered":4,"skipped":0,"pct":100},"statements":{"total":12,"covered":11,"skipped":0,"pct":91.66},"branches":{"total":5,"covered":2,"skipped":0,"pct":40}}
}
