TN:
SF:src/application/BookVehicle.ts
FN:5,(anonymous_7)
FN:7,(anonymous_8)
FN:11,(anonymous_10)
FNF:3
FNH:3
FNDA:4,(anonymous_7)
FNDA:1,(anonymous_8)
FNDA:5,(anonymous_10)
DA:4,1
DA:5,4
DA:8,1
DA:12,5
DA:13,5
DA:14,1
DA:15,4
DA:16,4
DA:17,1
DA:18,3
LF:10
LH:10
BRDA:13,0,0,1
BRDA:16,1,0,1
BRF:2
BRH:2
end_of_record
TN:
SF:src/application/CreateAccount.ts
FN:5,(anonymous_7)
FN:8,(anonymous_8)
FNF:2
FNH:2
FNDA:7,(anonymous_7)
FNDA:7,(anonymous_8)
DA:4,2
DA:5,7
DA:9,7
LF:3
LH:3
BRF:0
BRH:0
end_of_record
TN:
SF:src/application/GetAccount.ts
FN:5,(anonymous_7)
FN:7,(anonymous_8)
FNF:2
FNH:2
FNDA:1,(anonymous_7)
FNDA:1,(anonymous_8)
DA:4,1
DA:5,1
DA:8,1
LF:3
LH:3
BRF:0
BRH:0
end_of_record
TN:
SF:src/application/GetVehicle.ts
FN:4,(anonymous_7)
FN:6,(anonymous_8)
FN:8,(anonymous_10)
FNF:3
FNH:3
FNDA:4,(anonymous_7)
FNDA:4,(anonymous_8)
FNDA:6,(anonymous_10)
DA:3,2
DA:4,4
DA:7,4
DA:8,6
LF:4
LH:4
BRF:0
BRH:0
end_of_record
TN:
SF:src/application/RegisterVehicle.ts
FN:5,(anonymous_7)
FN:7,(anonymous_8)
FNF:2
FNH:2
FNDA:6,(anonymous_7)
FNDA:7,(anonymous_8)
DA:4,3
DA:5,6
DA:8,7
LF:3
LH:3
BRF:0
BRH:0
end_of_record
TN:
SF:src/domain/Account.ts
FN:3,(anonymous_0)
FNF:1
FNH:1
FNDA:8,(anonymous_0)
DA:1,3
DA:3,8
LF:2
LH:2
BRF:0
BRH:0
end_of_record
TN:
SF:src/domain/Vehicle.ts
FN:2,(anonymous_0)
FNF:1
FNH:1
FNDA:8,(anonymous_0)
DA:1,4
DA:2,8
LF:2
LH:2
BRF:0
BRH:0
end_of_record
TN:
SF:src/domain/VehicleReservation.ts
FN:2,(anonymous_0)
FN:11,(anonymous_1)
FN:17,(anonymous_2)
FNF:3
FNH:3
FNDA:9,(anonymous_0)
FNDA:9,(anonymous_1)
FNDA:2,(anonymous_2)
DA:1,2
DA:3,9
DA:4,9
DA:5,9
DA:6,9
DA:8,9
DA:12,9
DA:13,2
DA:14,1
DA:18,2
LF:10
LH:10
BRDA:4,0,0,1
BRDA:5,1,0,1
BRDA:12,2,0,7
BRDA:12,3,0,9
BRDA:12,3,1,9
BRDA:13,4,0,1
BRF:6
BRH:6
end_of_record
TN:
SF:src/infra/memory/AccountMemoryRepository.ts
FN:7,(anonymous_7)
FN:11,(anonymous_8)
FN:12,(anonymous_10)
FN:19,(anonymous_11)
FN:20,(anonymous_13)
FNF:5
FNH:5
FNDA:5,(anonymous_7)
FNDA:7,(anonymous_8)
FNDA:2,(anonymous_10)
FNDA:1,(anonymous_11)
FNDA:1,(anonymous_13)
DA:4,2
DA:8,5
DA:12,7
DA:13,7
DA:14,6
DA:15,6
DA:16,6
DA:20,1
LF:8
LH:8
BRDA:13,0,0,1
BRF:1
BRH:1
end_of_record
TN:
SF:src/infra/memory/VehicleMemoryRepository.ts
FN:7,(anonymous_7)
FN:11,(anonymous_8)
FN:15,(anonymous_10)
FNF:3
FNH:3
FNDA:5,(anonymous_7)
FNDA:7,(anonymous_8)
FNDA:5,(anonymous_10)
DA:4,3
DA:8,5
DA:12,7
DA:16,5
LF:4
LH:4
BRF:0
BRH:0
end_of_record
TN:
SF:src/infra/memory/VehicleReservationMemoryRepository.ts
FN:7,(anonymous_7)
FN:11,(anonymous_8)
FN:12,(anonymous_10)
FN:16,(anonymous_11)
FN:17,(anonymous_13)
FN:21,(anonymous_14)
FN:25,(anonymous_16)
FNF:7
FNH:7
FNDA:3,(anonymous_7)
FNDA:4,(anonymous_8)
FNDA:1,(anonymous_10)
FNDA:5,(anonymous_11)
FNDA:2,(anonymous_13)
FNDA:3,(anonymous_14)
FNDA:1,(anonymous_16)
DA:4,1
DA:8,3
DA:12,4
DA:13,4
DA:17,5
DA:18,5
DA:22,3
DA:26,1
LF:8
LH:8
BRDA:17,0,0,2
BRDA:17,0,1,1
BRF:2
BRH:2
end_of_record
