TN:
SF:src/application/Authenticate.ts
FN:6,(anonymous_7)
FN:8,(anonymous_8)
FNF:2
FNH:0
FNDA:0,(anonymous_7)
FNDA:0,(anonymous_8)
DA:3,1
DA:5,1
DA:6,0
DA:9,0
DA:10,0
DA:11,0
LF:6
LH:2
BRDA:10,0,0,0
BRF:1
BRH:0
end_of_record
TN:
SF:src/application/BookVehicle.ts
FN:7,(anonymous_7)
FN:9,(anonymous_8)
FN:13,(anonymous_10)
FNF:3
FNH:0
FNDA:0,(anonymous_7)
FNDA:0,(anonymous_8)
FNDA:0,(anonymous_10)
DA:6,1
DA:7,0
DA:10,0
DA:14,0
DA:15,0
DA:16,0
DA:17,0
DA:18,0
DA:19,0
DA:20,0
LF:10
LH:1
BRDA:15,0,0,0
BRDA:17,1,0,0
BRDA:19,2,0,0
BRF:3
BRH:0
end_of_record
TN:
SF:src/application/CreateAccount.ts
FN:5,(anonymous_7)
FN:8,(anonymous_8)
FNF:2
FNH:2
FNDA:3,(anonymous_7)
FNDA:3,(anonymous_8)
DA:4,1
DA:5,3
DA:9,3
LF:3
LH:3
BRF:0
BRH:0
end_of_record
TN:
SF:src/application/GetAccount.ts
FN:5,(anonymous_7)
FN:7,(anonymous_8)
FNF:2
FNH:2
FNDA:1,(anonymous_7)
FNDA:1,(anonymous_8)
DA:4,1
DA:5,1
DA:8,1
LF:3
LH:3
BRF:0
BRH:0
end_of_record
TN:
SF:src/application/GetAuthenticatedAccount.ts
FN:6,(anonymous_7)
FN:8,(anonymous_8)
FNF:2
FNH:0
FNDA:0,(anonymous_7)
FNDA:0,(anonymous_8)
DA:3,1
DA:5,1
DA:6,0
DA:9,0
DA:10,0
DA:11,0
DA:12,0
LF:7
LH:2
BRDA:11,0,0,0
BRF:1
BRH:0
end_of_record
TN:
SF:src/application/GetVehicle.ts
FN:4,(anonymous_7)
FN:6,(anonymous_8)
FN:8,(anonymous_10)
FNF:3
FNH:3
FNDA:1,(anonymous_7)
FNDA:1,(anonymous_8)
FNDA:2,(anonymous_10)
DA:3,2
DA:4,1
DA:7,1
DA:8,2
LF:4
LH:4
BRF:0
BRH:0
end_of_record
TN:
SF:src/application/RegisterVehicle.ts
FN:5,(anonymous_7)
FN:7,(anonymous_8)
FNF:2
FNH:2
FNDA:2,(anonymous_7)
FNDA:3,(anonymous_8)
DA:4,2
DA:5,2
DA:8,3
LF:3
LH:3
BRF:0
BRH:0
end_of_record
TN:
SF:src/application/ReturnVehicle.ts
FN:7,(anonymous_7)
FN:9,(anonymous_8)
FN:13,(anonymous_10)
FNF:3
FNH:0
FNDA:0,(anonymous_7)
FNDA:0,(anonymous_8)
FNDA:0,(anonymous_10)
DA:6,1
DA:7,0
DA:10,0
DA:14,0
DA:15,0
DA:16,0
LF:6
LH:1
BRDA:15,0,0,0
BRF:1
BRH:0
end_of_record
TN:
SF:src/controller/AccountController.ts
FN:10,(anonymous_8)
FN:15,(anonymous_9)
FN:19,(anonymous_10)
FNF:3
FNH:1
FNDA:0,(anonymous_8)
FNDA:1,(anonymous_9)
FNDA:0,(anonymous_10)
DA:2,1
DA:5,1
DA:7,1
DA:10,0
DA:13,1
DA:15,1
DA:16,1
DA:20,0
DA:21,0
DA:22,0
DA:24,0
DA:25,0
DA:27,0
LF:13
LH:6
BRDA:24,0,0,0
BRDA:24,0,1,0
BRF:2
BRH:0
end_of_record
TN:
SF:src/controller/VehicleController.ts
FN:20,(anonymous_8)
FN:27,(anonymous_9)
FN:33,(anonymous_10)
FN:40,(anonymous_12)
FN:54,(anonymous_14)
FNF:5
FNH:1
FNDA:0,(anonymous_8)
FNDA:1,(anonymous_9)
FNDA:0,(anonymous_10)
FNDA:0,(anonymous_12)
FNDA:0,(anonymous_14)
DA:4,1
DA:5,1
DA:6,1
DA:9,1
DA:10,1
DA:11,1
DA:12,1
DA:13,1
DA:14,1
DA:20,0
DA:23,1
DA:27,1
DA:28,1
DA:29,1
DA:30,1
DA:34,0
DA:35,0
DA:36,0
DA:37,0
DA:41,0
DA:42,0
DA:43,0
DA:44,0
DA:45,0
DA:47,0
DA:48,0
DA:50,0
DA:51,0
DA:55,0
DA:56,0
DA:57,0
DA:58,0
DA:60,0
DA:61,0
DA:62,0
DA:63,0
LF:36
LH:14
BRDA:36,0,0,0
BRDA:44,1,0,0
BRDA:50,2,0,0
BRDA:57,3,0,0
BRDA:62,4,0,0
BRF:5
BRH:0
end_of_record
TN:
SF:src/domain/Account.ts
FN:3,(anonymous_0)
FNF:1
FNH:1
FNDA:4,(anonymous_0)
DA:1,2
DA:3,4
LF:2
LH:2
BRF:0
BRH:0
end_of_record
TN:
SF:src/domain/Vehicle.ts
FN:2,(anonymous_0)
FNF:1
FNH:1
FNDA:4,(anonymous_0)
DA:1,3
DA:2,4
LF:2
LH:2
BRF:0
BRH:0
end_of_record
TN:
SF:src/domain/VehicleReservation.ts
FN:2,(anonymous_0)
FN:11,(anonymous_1)
FN:17,(anonymous_2)
FNF:3
FNH:3
FNDA:4,(anonymous_0)
FNDA:4,(anonymous_1)
FNDA:1,(anonymous_2)
DA:1,2
DA:3,4
DA:4,4
DA:5,4
DA:6,4
DA:8,4
DA:12,4
DA:13,2
DA:14,1
DA:18,1
LF:10
LH:10
BRDA:4,0,0,1
BRDA:5,1,0,1
BRDA:12,2,0,2
BRDA:12,3,0,4
BRDA:12,3,1,4
BRDA:13,4,0,1
BRF:6
BRH:6
end_of_record
TN:
SF:src/infra/database/AccountDatabaseRepository.ts
FN:7,(anonymous_8)
FN:9,(anonymous_9)
FN:18,(anonymous_11)
FN:28,(anonymous_13)
FN:38,(anonymous_15)
FNF:5
FNH:1
FNDA:2,(anonymous_8)
FNDA:0,(anonymous_9)
FNDA:0,(anonymous_11)
FNDA:0,(anonymous_13)
FNDA:0,(anonymous_15)
DA:4,1
DA:6,1
DA:7,2
DA:10,0
DA:11,0
DA:12,0
DA:14,0
DA:19,0
DA:20,0
DA:21,0
DA:22,0
DA:24,0
DA:29,0
DA:30,0
DA:31,0
DA:32,0
DA:34,0
DA:39,0
DA:40,0
DA:41,0
DA:42,0
DA:44,0
LF:22
LH:3
BRDA:7,0,0,0
BRF:1
BRH:0
end_of_record
TN:
SF:src/infra/database/PgPromiseConnectionAdapter.ts
FN:7,(anonymous_1)
FN:11,(anonymous_2)
FN:15,(anonymous_3)
FNF:3
FNH:1
FNDA:1,(anonymous_1)
FNDA:0,(anonymous_2)
FNDA:0,(anonymous_3)
DA:2,1
DA:4,1
DA:8,1
DA:12,0
DA:16,0
LF:5
LH:3
BRF:0
BRH:0
end_of_record
TN:
SF:src/infra/database/VehicleDatabaseRepository.ts
FN:7,(anonymous_7)
FN:10,(anonymous_8)
FN:19,(anonymous_10)
FN:27,(anonymous_12)
FNF:4
FNH:1
FNDA:1,(anonymous_7)
FNDA:0,(anonymous_8)
FNDA:0,(anonymous_10)
FNDA:0,(anonymous_12)
DA:6,1
DA:7,1
DA:11,0
DA:12,0
DA:13,0
DA:15,0
DA:20,0
DA:21,0
DA:23,0
DA:28,0
DA:29,0
DA:44,0
DA:46,0
LF:13
LH:2
BRF:0
BRH:0
end_of_record
TN:
SF:src/infra/database/VehicleReservationDatabaseRepository.ts
FN:8,(anonymous_7)
FN:11,(anonymous_8)
FN:23,(anonymous_10)
FN:32,(anonymous_12)
FN:41,(anonymous_14)
FN:50,(anonymous_16)
FNF:6
FNH:1
FNDA:1,(anonymous_7)
FNDA:0,(anonymous_8)
FNDA:0,(anonymous_10)
FNDA:0,(anonymous_12)
FNDA:0,(anonymous_14)
FNDA:0,(anonymous_16)
DA:7,1
DA:8,1
DA:12,0
DA:13,0
DA:14,0
DA:15,0
DA:16,0
DA:17,0
DA:19,0
DA:24,0
DA:25,0
DA:26,0
DA:28,0
DA:33,0
DA:34,0
DA:35,0
DA:37,0
DA:42,0
DA:43,0
DA:44,0
DA:46,0
DA:51,0
DA:52,0
LF:23
LH:2
BRDA:13,0,0,0
BRDA:13,0,1,0
BRDA:15,1,0,0
BRDA:16,2,0,0
BRDA:25,3,0,0
BRF:5
BRH:0
end_of_record
TN:
SF:src/infra/http/Api.ts
FN:28,(anonymous_8)
FN:28,(anonymous_9)
FN:32,(anonymous_10)
FN:32,(anonymous_11)
FN:33,(anonymous_12)
FN:33,(anonymous_13)
FN:34,(anonymous_14)
FN:34,(anonymous_15)
FN:38,(anonymous_16)
FN:38,(anonymous_17)
FNF:10
FNH:0
FNDA:0,(anonymous_8)
FNDA:0,(anonymous_9)
FNDA:0,(anonymous_10)
FNDA:0,(anonymous_11)
FNDA:0,(anonymous_12)
FNDA:0,(anonymous_13)
FNDA:0,(anonymous_14)
FNDA:0,(anonymous_15)
FNDA:0,(anonymous_16)
FNDA:0,(anonymous_17)
DA:2,1
DA:3,1
DA:4,1
DA:5,1
DA:6,1
DA:7,1
DA:8,1
DA:9,1
DA:11,1
DA:12,1
DA:15,1
DA:16,1
DA:17,1
DA:18,1
DA:21,1
DA:23,1
DA:24,1
DA:25,1
DA:28,1
DA:31,1
DA:32,1
DA:33,1
DA:34,1
DA:37,1
DA:38,1
DA:40,1
LF:26
LH:26
BRF:0
BRH:0
end_of_record
TN:
SF:src/infra/http/HttpException.ts
FN:4,(anonymous_0)
FNF:1
FNH:0
FNDA:0,(anonymous_0)
DA:1,1
DA:5,0
DA:6,0
DA:7,0
LF:4
LH:1
BRF:0
BRH:0
end_of_record
TN:
SF:src/infra/http/middlewares/authentication.ts
FN:4,authorize
FNF:1
FNH:0
FNDA:0,authorize
DA:2,1
DA:4,1
DA:5,0
DA:6,0
DA:8,0
DA:10,0
DA:12,0
DA:13,0
DA:14,0
DA:16,0
DA:17,0
LF:11
LH:2
BRDA:8,0,0,0
BRDA:10,1,0,0
BRDA:10,1,1,0
BRDA:16,2,0,0
BRF:4
BRH:0
end_of_record
TN:
SF:src/infra/http/middlewares/error.ts
FN:4,errorMiddleware
FNF:1
FNH:0
FNDA:0,errorMiddleware
DA:4,1
DA:5,0
DA:6,0
DA:7,0
LF:4
LH:1
BRDA:5,0,0,0
BRDA:5,0,1,0
BRDA:6,1,0,0
BRDA:6,1,1,0
BRF:4
BRH:0
end_of_record
TN:
SF:src/infra/memory/AccountMemoryRepository.ts
FN:7,(anonymous_7)
FN:11,(anonymous_8)
FN:14,(anonymous_9)
FN:18,(anonymous_10)
FN:19,(anonymous_12)
FN:26,(anonymous_13)
FN:27,(anonymous_15)
FNF:7
FNH:5
FNDA:2,(anonymous_7)
FNDA:0,(anonymous_8)
FNDA:0,(anonymous_9)
FNDA:3,(anonymous_10)
FNDA:1,(anonymous_12)
FNDA:1,(anonymous_13)
FNDA:1,(anonymous_15)
DA:4,1
DA:8,2
DA:12,0
DA:15,0
DA:19,3
DA:20,3
DA:21,2
DA:22,2
DA:23,2
DA:27,1
LF:10
LH:8
BRDA:20,0,0,1
BRF:1
BRH:1
end_of_record
TN:
SF:src/infra/memory/VehicleMemoryRepository.ts
FN:7,(anonymous_7)
FN:11,(anonymous_8)
FN:12,(anonymous_10)
FN:15,(anonymous_11)
FN:19,(anonymous_13)
FNF:5
FNH:3
FNDA:2,(anonymous_7)
FNDA:0,(anonymous_8)
FNDA:0,(anonymous_10)
FNDA:3,(anonymous_11)
FNDA:2,(anonymous_13)
DA:4,2
DA:5,2
DA:8,2
DA:12,0
DA:16,3
DA:20,2
LF:6
LH:5
BRF:0
BRH:0
end_of_record
TN:
SF:src/utils/jwt.utils.ts
FN:6,generateToken
FN:21,validateToken
FN:23,(anonymous_2)
FN:24,(anonymous_3)
FNF:4
FNH:0
FNDA:0,generateToken
FNDA:0,validateToken
FNDA:0,(anonymous_2)
FNDA:0,(anonymous_3)
DA:1,1
DA:6,1
DA:8,0
DA:9,0
DA:13,0
DA:21,1
DA:22,0
DA:23,0
DA:24,0
DA:25,0
DA:26,0
LF:11
LH:3
BRDA:8,0,0,0
BRDA:8,0,1,0
BRDA:22,1,0,0
BRDA:22,1,1,0
BRDA:25,2,0,0
BRF:5
BRH:0
end_of_record
